[0.583s] Invoking command in '/home/liu/chapt3/topic_practice_ws/src/status_publisher': PYTHONPATH=/home/liu/chapt3/topic_practice_ws/build/status_publisher/prefix_override:/usr/lib/python3/dist-packages/colcon_core/task/python/colcon_distutils_commands:/home/liu/chapt3/topic_practice_ws/install/status_publisher/lib/python3.10/site-packages:${PYTHONPATH} /usr/bin/python3 -W ignore:setup.py install is deprecated -W ignore:easy_install command is deprecated setup.py egg_info --egg-base ../../build/status_publisher build --build-base /home/liu/chapt3/topic_practice_ws/build/status_publisher/build install --record /home/liu/chapt3/topic_practice_ws/build/status_publisher/install.log --single-version-externally-managed install_data
[0.798s] running egg_info
[0.799s] writing ../../build/status_publisher/status_publisher.egg-info/PKG-INFO
[0.799s] writing dependency_links to ../../build/status_publisher/status_publisher.egg-info/dependency_links.txt
[0.800s] writing entry points to ../../build/status_publisher/status_publisher.egg-info/entry_points.txt
[0.800s] writing requirements to ../../build/status_publisher/status_publisher.egg-info/requires.txt
[0.800s] writing top-level names to ../../build/status_publisher/status_publisher.egg-info/top_level.txt
[0.801s] reading manifest file '../../build/status_publisher/status_publisher.egg-info/SOURCES.txt'
[0.801s] adding license file 'LICENSE'
[0.802s] writing manifest file '../../build/status_publisher/status_publisher.egg-info/SOURCES.txt'
[0.802s] running build
[0.802s] running build_py
[0.802s] running install
[0.803s] running install_lib
[0.803s] running install_data
[0.804s] running install_egg_info
[0.805s] removing '/home/liu/chapt3/topic_practice_ws/install/status_publisher/lib/python3.10/site-packages/status_publisher-0.0.0-py3.10.egg-info' (and everything under it)
[0.805s] Copying ../../build/status_publisher/status_publisher.egg-info to /home/liu/chapt3/topic_practice_ws/install/status_publisher/lib/python3.10/site-packages/status_publisher-0.0.0-py3.10.egg-info
[0.806s] running install_scripts
[0.827s] Installing sys_status_pub script to /home/liu/chapt3/topic_practice_ws/install/status_publisher/lib/status_publisher
[0.827s] writing list of installed files to '/home/liu/chapt3/topic_practice_ws/build/status_publisher/install.log'
[0.860s] Invoked command in '/home/liu/chapt3/topic_practice_ws/src/status_publisher' returned '0': PYTHONPATH=/home/liu/chapt3/topic_practice_ws/build/status_publisher/prefix_override:/usr/lib/python3/dist-packages/colcon_core/task/python/colcon_distutils_commands:/home/liu/chapt3/topic_practice_ws/install/status_publisher/lib/python3.10/site-packages:${PYTHONPATH} /usr/bin/python3 -W ignore:setup.py install is deprecated -W ignore:easy_install command is deprecated setup.py egg_info --egg-base ../../build/status_publisher build --build-base /home/liu/chapt3/topic_practice_ws/build/status_publisher/build install --record /home/liu/chapt3/topic_practice_ws/build/status_publisher/install.log --single-version-externally-managed install_data
