[0.049s] Invoking command in '/home/liu/chapt3/topic_practice_ws/build/status_display': CMAKE_PREFIX_PATH=${CMAKE_PREFIX_PATH}:/home/liu/chapt3/topic_practice_ws/install/status_publisher:/opt/ros/humble /usr/bin/cmake /home/liu/chapt3/topic_practice_ws/src/status_display -DCMAKE_INSTALL_PREFIX=/home/liu/chapt3/topic_practice_ws/install/status_display
[0.207s] -- The C compiler identification is GNU 11.4.0
[0.344s] -- The CXX compiler identification is GNU 11.4.0
[0.357s] -- Detecting C compiler ABI info
[0.554s] -- Detecting C compiler ABI info - done
[0.576s] -- Check for working C compiler: /usr/bin/cc - skipped
[0.576s] -- Detecting C compile features
[0.576s] -- Detecting C compile features - done
[0.582s] -- Detecting CXX compiler ABI info
[0.775s] -- Detecting CXX compiler ABI info - done
[0.789s] -- Check for working CXX compiler: /usr/bin/c++ - skipped
[0.790s] -- Detecting CXX compile features
[0.790s] -- Detecting CXX compile features - done
[0.794s] -- Found ament_cmake: 1.3.10 (/opt/ros/humble/share/ament_cmake/cmake)
[1.264s] -- Found Python3: /usr/bin/python3 (found version "3.10.12") found components: Interpreter 
[1.508s] -- Found rclcpp: 16.0.10 (/opt/ros/humble/share/rclcpp/cmake)
[1.569s] -- Found rosidl_generator_c: 3.1.5 (/opt/ros/humble/share/rosidl_generator_c/cmake)
[1.576s] -- Found rosidl_adapter: 3.1.5 (/opt/ros/humble/share/rosidl_adapter/cmake)
[1.590s] -- Found rosidl_generator_cpp: 3.1.5 (/opt/ros/humble/share/rosidl_generator_cpp/cmake)
[1.611s] -- Using all available rosidl_typesupport_c: rosidl_typesupport_fastrtps_c;rosidl_typesupport_introspection_c
[1.640s] -- Using all available rosidl_typesupport_cpp: rosidl_typesupport_fastrtps_cpp;rosidl_typesupport_introspection_cpp
[1.725s] -- Found rmw_implementation_cmake: 6.1.2 (/opt/ros/humble/share/rmw_implementation_cmake/cmake)
[1.729s] -- Found rmw_fastrtps_cpp: 6.2.7 (/opt/ros/humble/share/rmw_fastrtps_cpp/cmake)
[1.927s] -- Found OpenSSL: /usr/lib/x86_64-linux-gnu/libcrypto.so (found version "3.0.2")  
[1.994s] -- Found FastRTPS: /opt/ros/humble/include  
[2.064s] -- Using RMW implementation 'rmw_fastrtps_cpp' as default
[2.084s] -- Looking for pthread.h
[2.287s] -- Looking for pthread.h - found
[2.288s] -- Performing Test CMAKE_HAVE_LIBC_PTHREAD
[2.451s] -- Performing Test CMAKE_HAVE_LIBC_PTHREAD - Success
[2.454s] -- Found Threads: TRUE  
[2.540s] -- Found status_interfaces: 0.0.0 (/home/liu/chapt3/topic_practice_ws/install/status_interfaces/share/status_interfaces/cmake)
[2.579s] -- Found ament_lint_auto: 0.12.11 (/opt/ros/humble/share/ament_lint_auto/cmake)
[2.709s] [31mCMake Error at CMakeLists.txt:27 (install):
[2.709s]   install does not recognize sub-command TARGET
[2.710s] 
[2.710s] [0m
[2.714s] -- Added test 'cppcheck' to perform static code analysis on C / C++ code
[2.714s] -- Configured cppcheck include dirs: 
[2.714s] -- Configured cppcheck exclude dirs and/or files: 
[2.714s] -- Added test 'lint_cmake' to check CMake code style
[2.715s] -- Added test 'uncrustify' to check C / C++ code style
[2.716s] -- Configured uncrustify additional arguments: 
[2.716s] -- Added test 'xmllint' to check XML markup files
[2.717s] -- Configuring incomplete, errors occurred!
[2.717s] See also "/home/liu/chapt3/topic_practice_ws/build/status_display/CMakeFiles/CMakeOutput.log".
[2.745s] Invoked command in '/home/liu/chapt3/topic_practice_ws/build/status_display' returned '1': CMAKE_PREFIX_PATH=${CMAKE_PREFIX_PATH}:/home/liu/chapt3/topic_practice_ws/install/status_publisher:/opt/ros/humble /usr/bin/cmake /home/liu/chapt3/topic_practice_ws/src/status_display -DCMAKE_INSTALL_PREFIX=/home/liu/chapt3/topic_practice_ws/install/status_display
