[1.621s] Invoking command in '/home/liu/chapt3/topic_practice_ws/src/status_publisher': PYTHONPATH=/home/liu/chapt3/topic_practice_ws/build/status_publisher/prefix_override:/usr/lib/python3/dist-packages/colcon_core/task/python/colcon_distutils_commands:/home/liu/chapt3/topic_practice_ws/install/status_publisher/lib/python3.10/site-packages:${PYTHONPATH} /usr/bin/python3 -W ignore:setup.py install is deprecated -W ignore:easy_install command is deprecated setup.py egg_info --egg-base ../../build/status_publisher build --build-base /home/liu/chapt3/topic_practice_ws/build/status_publisher/build install --record /home/liu/chapt3/topic_practice_ws/build/status_publisher/install.log --single-version-externally-managed install_data
[2.085s] running egg_info
[2.086s] writing ../../build/status_publisher/status_publisher.egg-info/PKG-INFO
[2.087s] writing dependency_links to ../../build/status_publisher/status_publisher.egg-info/dependency_links.txt
[2.088s] writing entry points to ../../build/status_publisher/status_publisher.egg-info/entry_points.txt
[2.088s] writing requirements to ../../build/status_publisher/status_publisher.egg-info/requires.txt
[2.088s] writing top-level names to ../../build/status_publisher/status_publisher.egg-info/top_level.txt
[2.094s] reading manifest file '../../build/status_publisher/status_publisher.egg-info/SOURCES.txt'
[2.095s] adding license file 'LICENSE'
[2.097s] writing manifest file '../../build/status_publisher/status_publisher.egg-info/SOURCES.txt'
[2.097s] running build
[2.098s] running build_py
[2.098s] copying status_publisher/sys_status_pub.py -> /home/liu/chapt3/topic_practice_ws/build/status_publisher/build/lib/status_publisher
[2.098s] running install
[2.100s] running install_lib
[2.102s] copying /home/liu/chapt3/topic_practice_ws/build/status_publisher/build/lib/status_publisher/sys_status_pub.py -> /home/liu/chapt3/topic_practice_ws/install/status_publisher/lib/python3.10/site-packages/status_publisher
[2.103s] byte-compiling /home/liu/chapt3/topic_practice_ws/install/status_publisher/lib/python3.10/site-packages/status_publisher/sys_status_pub.py to sys_status_pub.cpython-310.pyc
[2.104s] running install_data
[2.104s] running install_egg_info
[2.106s] removing '/home/liu/chapt3/topic_practice_ws/install/status_publisher/lib/python3.10/site-packages/status_publisher-0.0.0-py3.10.egg-info' (and everything under it)
[2.107s] Copying ../../build/status_publisher/status_publisher.egg-info to /home/liu/chapt3/topic_practice_ws/install/status_publisher/lib/python3.10/site-packages/status_publisher-0.0.0-py3.10.egg-info
[2.109s] running install_scripts
[2.168s] Installing sys_status_pub script to /home/liu/chapt3/topic_practice_ws/install/status_publisher/lib/status_publisher
[2.169s] writing list of installed files to '/home/liu/chapt3/topic_practice_ws/build/status_publisher/install.log'
[2.353s] Invoked command in '/home/liu/chapt3/topic_practice_ws/src/status_publisher' returned '0': PYTHONPATH=/home/liu/chapt3/topic_practice_ws/build/status_publisher/prefix_override:/usr/lib/python3/dist-packages/colcon_core/task/python/colcon_distutils_commands:/home/liu/chapt3/topic_practice_ws/install/status_publisher/lib/python3.10/site-packages:${PYTHONPATH} /usr/bin/python3 -W ignore:setup.py install is deprecated -W ignore:easy_install command is deprecated setup.py egg_info --egg-base ../../build/status_publisher build --build-base /home/liu/chapt3/topic_practice_ws/build/status_publisher/build install --record /home/liu/chapt3/topic_practice_ws/build/status_publisher/install.log --single-version-externally-managed install_data
