[1.552s] Invoking command in '/home/liu/chapt3/topic_practice_ws/src/status_publisher': CMAKE_PREFIX_PATH=/home/liu/chapt3/topic_practice_ws/install/status_interfaces:/home/liu/chapt3/topic_practice_ws/install/status_display PYTHONPATH=/home/liu/chapt3/topic_practice_ws/build/status_publisher/prefix_override:/usr/lib/python3/dist-packages/colcon_core/task/python/colcon_distutils_commands:/home/liu/chapt3/topic_practice_ws/install/status_publisher/lib/python3.10/site-packages:${PYTHONPATH} /usr/bin/python3 -W ignore:setup.py install is deprecated -W ignore:easy_install command is deprecated setup.py egg_info --egg-base ../../build/status_publisher build --build-base /home/liu/chapt3/topic_practice_ws/build/status_publisher/build install --record /home/liu/chapt3/topic_practice_ws/build/status_publisher/install.log --single-version-externally-managed install_data
[2.237s] running egg_info
[2.239s] writing ../../build/status_publisher/status_publisher.egg-info/PKG-INFO
[2.240s] writing dependency_links to ../../build/status_publisher/status_publisher.egg-info/dependency_links.txt
[2.240s] writing entry points to ../../build/status_publisher/status_publisher.egg-info/entry_points.txt
[2.241s] writing requirements to ../../build/status_publisher/status_publisher.egg-info/requires.txt
[2.241s] writing top-level names to ../../build/status_publisher/status_publisher.egg-info/top_level.txt
[2.246s] reading manifest file '../../build/status_publisher/status_publisher.egg-info/SOURCES.txt'
[2.246s] adding license file 'LICENSE'
[2.250s] writing manifest file '../../build/status_publisher/status_publisher.egg-info/SOURCES.txt'
[2.250s] running build
[2.250s] running build_py
[2.251s] running install
[2.253s] running install_lib
[2.256s] running install_data
[2.256s] running install_egg_info
[2.260s] removing '/home/liu/chapt3/topic_practice_ws/install/status_publisher/lib/python3.10/site-packages/status_publisher-0.0.0-py3.10.egg-info' (and everything under it)
[2.260s] Copying ../../build/status_publisher/status_publisher.egg-info to /home/liu/chapt3/topic_practice_ws/install/status_publisher/lib/python3.10/site-packages/status_publisher-0.0.0-py3.10.egg-info
[2.261s] running install_scripts
[2.310s] Installing sys_status_pub script to /home/liu/chapt3/topic_practice_ws/install/status_publisher/lib/status_publisher
[2.311s] writing list of installed files to '/home/liu/chapt3/topic_practice_ws/build/status_publisher/install.log'
[2.439s] Invoked command in '/home/liu/chapt3/topic_practice_ws/src/status_publisher' returned '0': CMAKE_PREFIX_PATH=/home/liu/chapt3/topic_practice_ws/install/status_interfaces:/home/liu/chapt3/topic_practice_ws/install/status_display PYTHONPATH=/home/liu/chapt3/topic_practice_ws/build/status_publisher/prefix_override:/usr/lib/python3/dist-packages/colcon_core/task/python/colcon_distutils_commands:/home/liu/chapt3/topic_practice_ws/install/status_publisher/lib/python3.10/site-packages:${PYTHONPATH} /usr/bin/python3 -W ignore:setup.py install is deprecated -W ignore:easy_install command is deprecated setup.py egg_info --egg-base ../../build/status_publisher build --build-base /home/liu/chapt3/topic_practice_ws/build/status_publisher/build install --record /home/liu/chapt3/topic_practice_ws/build/status_publisher/install.log --single-version-externally-managed install_data
