[0.564s] Invoking command in '/home/liu/chapt3/topic_practice_ws/src/status_publisher': PYTHONPATH=/home/liu/chapt3/topic_practice_ws/build/status_publisher/prefix_override:/usr/lib/python3/dist-packages/colcon_core/task/python/colcon_distutils_commands:/home/liu/chapt3/topic_practice_ws/install/status_publisher/lib/python3.10/site-packages:${PYTHONPATH} /usr/bin/python3 -W ignore:setup.py install is deprecated -W ignore:easy_install command is deprecated setup.py egg_info --egg-base ../../build/status_publisher build --build-base /home/liu/chapt3/topic_practice_ws/build/status_publisher/build install --record /home/liu/chapt3/topic_practice_ws/build/status_publisher/install.log --single-version-externally-managed install_data
[0.777s] running egg_info
[0.777s] writing ../../build/status_publisher/status_publisher.egg-info/PKG-INFO
[0.777s] writing dependency_links to ../../build/status_publisher/status_publisher.egg-info/dependency_links.txt
[0.778s] writing entry points to ../../build/status_publisher/status_publisher.egg-info/entry_points.txt
[0.778s] writing requirements to ../../build/status_publisher/status_publisher.egg-info/requires.txt
[0.778s] writing top-level names to ../../build/status_publisher/status_publisher.egg-info/top_level.txt
[0.779s] reading manifest file '../../build/status_publisher/status_publisher.egg-info/SOURCES.txt'
[0.779s] adding license file 'LICENSE'
[0.780s] writing manifest file '../../build/status_publisher/status_publisher.egg-info/SOURCES.txt'
[0.780s] running build
[0.780s] running build_py
[0.780s] running install
[0.781s] running install_lib
[0.782s] running install_data
[0.782s] running install_egg_info
[0.783s] removing '/home/liu/chapt3/topic_practice_ws/install/status_publisher/lib/python3.10/site-packages/status_publisher-0.0.0-py3.10.egg-info' (and everything under it)
[0.783s] Copying ../../build/status_publisher/status_publisher.egg-info to /home/liu/chapt3/topic_practice_ws/install/status_publisher/lib/python3.10/site-packages/status_publisher-0.0.0-py3.10.egg-info
[0.784s] running install_scripts
[0.803s] Installing sys_status_pub script to /home/liu/chapt3/topic_practice_ws/install/status_publisher/lib/status_publisher
[0.803s] writing list of installed files to '/home/liu/chapt3/topic_practice_ws/build/status_publisher/install.log'
[0.844s] Invoked command in '/home/liu/chapt3/topic_practice_ws/src/status_publisher' returned '0': PYTHONPATH=/home/liu/chapt3/topic_practice_ws/build/status_publisher/prefix_override:/usr/lib/python3/dist-packages/colcon_core/task/python/colcon_distutils_commands:/home/liu/chapt3/topic_practice_ws/install/status_publisher/lib/python3.10/site-packages:${PYTHONPATH} /usr/bin/python3 -W ignore:setup.py install is deprecated -W ignore:easy_install command is deprecated setup.py egg_info --egg-base ../../build/status_publisher build --build-base /home/liu/chapt3/topic_practice_ws/build/status_publisher/build install --record /home/liu/chapt3/topic_practice_ws/build/status_publisher/install.log --single-version-externally-managed install_data
