[0.010s] Invoking command in '/home/liu/chapt3/topic_practice_ws/build/status_interfaces': CMAKE_PREFIX_PATH=${CMAKE_PREFIX_PATH}:/home/liu/chapt3/topic_practice_ws/install/status_publisher:/opt/ros/humble /usr/bin/cmake --build /home/liu/chapt3/topic_practice_ws/build/status_interfaces -- -j12 -l12
[0.051s] [  9%] Built target status_interfaces__cpp
[0.051s] [ 12%] Built target status_interfaces__rosidl_generator_c
[0.061s] [ 12%] Built target ament_cmake_python_copy_status_interfaces
[0.071s] [ 32%] Built target status_interfaces__rosidl_typesupport_introspection_c
[0.071s] [ 32%] Built target status_interfaces__rosidl_typesupport_c
[0.072s] [ 41%] Built target status_interfaces__rosidl_typesupport_cpp
[0.074s] [ 61%] Built target status_interfaces__rosidl_typesupport_fastrtps_cpp
[0.074s] [ 61%] Built target status_interfaces__rosidl_typesupport_fastrtps_c
[0.079s] [ 70%] Built target status_interfaces__rosidl_typesupport_introspection_cpp
[0.095s] [ 70%] Built target status_interfaces
[0.113s] [ 74%] Built target status_interfaces__py
[0.131s] [ 80%] Built target status_interfaces__rosidl_generator_py
[0.150s] [100%] Built target status_interfaces__rosidl_typesupport_c__pyext
[0.151s] [100%] Built target status_interfaces__rosidl_typesupport_introspection_c__pyext
[0.151s] [100%] Built target status_interfaces__rosidl_typesupport_fastrtps_c__pyext
[0.274s] running egg_info
[0.275s] writing status_interfaces.egg-info/PKG-INFO
[0.275s] writing dependency_links to status_interfaces.egg-info/dependency_links.txt
[0.275s] writing top-level names to status_interfaces.egg-info/top_level.txt
[0.277s] reading manifest file 'status_interfaces.egg-info/SOURCES.txt'
[0.277s] writing manifest file 'status_interfaces.egg-info/SOURCES.txt'
[0.299s] [100%] Built target ament_cmake_python_build_status_interfaces_egg
[0.309s] Invoked command in '/home/liu/chapt3/topic_practice_ws/build/status_interfaces' returned '0': CMAKE_PREFIX_PATH=${CMAKE_PREFIX_PATH}:/home/liu/chapt3/topic_practice_ws/install/status_publisher:/opt/ros/humble /usr/bin/cmake --build /home/liu/chapt3/topic_practice_ws/build/status_interfaces -- -j12 -l12
[0.318s] Invoking command in '/home/liu/chapt3/topic_practice_ws/build/status_interfaces': CMAKE_PREFIX_PATH=${CMAKE_PREFIX_PATH}:/home/liu/chapt3/topic_practice_ws/install/status_publisher:/opt/ros/humble /usr/bin/cmake --install /home/liu/chapt3/topic_practice_ws/build/status_interfaces
[0.326s] -- Install configuration: ""
[0.326s] -- Up-to-date: /home/liu/chapt3/topic_practice_ws/install/status_interfaces/share/ament_index/resource_index/rosidl_interfaces/status_interfaces
[0.326s] -- Up-to-date: /home/liu/chapt3/topic_practice_ws/install/status_interfaces/include/status_interfaces/status_interfaces
[0.326s] -- Up-to-date: /home/liu/chapt3/topic_practice_ws/install/status_interfaces/include/status_interfaces/status_interfaces/msg
[0.326s] -- Up-to-date: /home/liu/chapt3/topic_practice_ws/install/status_interfaces/include/status_interfaces/status_interfaces/msg/system_status.h
[0.326s] -- Up-to-date: /home/liu/chapt3/topic_practice_ws/install/status_interfaces/include/status_interfaces/status_interfaces/msg/rosidl_generator_c__visibility_control.h
[0.327s] -- Up-to-date: /home/liu/chapt3/topic_practice_ws/install/status_interfaces/include/status_interfaces/status_interfaces/msg/detail
[0.327s] -- Up-to-date: /home/liu/chapt3/topic_practice_ws/install/status_interfaces/include/status_interfaces/status_interfaces/msg/detail/system_status__functions.h
[0.327s] -- Up-to-date: /home/liu/chapt3/topic_practice_ws/install/status_interfaces/include/status_interfaces/status_interfaces/msg/detail/system_status__functions.c
[0.327s] -- Up-to-date: /home/liu/chapt3/topic_practice_ws/install/status_interfaces/include/status_interfaces/status_interfaces/msg/detail/system_status__type_support.h
[0.327s] -- Up-to-date: /home/liu/chapt3/topic_practice_ws/install/status_interfaces/include/status_interfaces/status_interfaces/msg/detail/system_status__struct.h
[0.327s] -- Up-to-date: /home/liu/chapt3/topic_practice_ws/install/status_interfaces/share/status_interfaces/environment/library_path.sh
[0.327s] -- Up-to-date: /home/liu/chapt3/topic_practice_ws/install/status_interfaces/share/status_interfaces/environment/library_path.dsv
[0.327s] -- Up-to-date: /home/liu/chapt3/topic_practice_ws/install/status_interfaces/lib/libstatus_interfaces__rosidl_generator_c.so
[0.327s] -- Up-to-date: /home/liu/chapt3/topic_practice_ws/install/status_interfaces/include/status_interfaces/status_interfaces
[0.327s] -- Up-to-date: /home/liu/chapt3/topic_practice_ws/install/status_interfaces/include/status_interfaces/status_interfaces/msg
[0.327s] -- Up-to-date: /home/liu/chapt3/topic_practice_ws/install/status_interfaces/include/status_interfaces/status_interfaces/msg/rosidl_typesupport_fastrtps_c__visibility_control.h
[0.328s] -- Up-to-date: /home/liu/chapt3/topic_practice_ws/install/status_interfaces/include/status_interfaces/status_interfaces/msg/detail
[0.328s] -- Up-to-date: /home/liu/chapt3/topic_practice_ws/install/status_interfaces/include/status_interfaces/status_interfaces/msg/detail/system_status__rosidl_typesupport_fastrtps_c.h
[0.328s] -- Up-to-date: /home/liu/chapt3/topic_practice_ws/install/status_interfaces/lib/libstatus_interfaces__rosidl_typesupport_fastrtps_c.so
[0.328s] -- Up-to-date: /home/liu/chapt3/topic_practice_ws/install/status_interfaces/include/status_interfaces/status_interfaces
[0.328s] -- Up-to-date: /home/liu/chapt3/topic_practice_ws/install/status_interfaces/include/status_interfaces/status_interfaces/msg
[0.328s] -- Up-to-date: /home/liu/chapt3/topic_practice_ws/install/status_interfaces/include/status_interfaces/status_interfaces/msg/system_status.hpp
[0.328s] -- Up-to-date: /home/liu/chapt3/topic_practice_ws/install/status_interfaces/include/status_interfaces/status_interfaces/msg/detail
[0.328s] -- Up-to-date: /home/liu/chapt3/topic_practice_ws/install/status_interfaces/include/status_interfaces/status_interfaces/msg/detail/system_status__builder.hpp
[0.328s] -- Up-to-date: /home/liu/chapt3/topic_practice_ws/install/status_interfaces/include/status_interfaces/status_interfaces/msg/detail/system_status__traits.hpp
[0.328s] -- Up-to-date: /home/liu/chapt3/topic_practice_ws/install/status_interfaces/include/status_interfaces/status_interfaces/msg/detail/system_status__struct.hpp
[0.328s] -- Up-to-date: /home/liu/chapt3/topic_practice_ws/install/status_interfaces/include/status_interfaces/status_interfaces
[0.328s] -- Up-to-date: /home/liu/chapt3/topic_practice_ws/install/status_interfaces/include/status_interfaces/status_interfaces/msg
[0.328s] -- Up-to-date: /home/liu/chapt3/topic_practice_ws/install/status_interfaces/include/status_interfaces/status_interfaces/msg/rosidl_typesupport_fastrtps_cpp__visibility_control.h
[0.329s] -- Up-to-date: /home/liu/chapt3/topic_practice_ws/install/status_interfaces/include/status_interfaces/status_interfaces/msg/detail
[0.329s] -- Up-to-date: /home/liu/chapt3/topic_practice_ws/install/status_interfaces/include/status_interfaces/status_interfaces/msg/detail/system_status__rosidl_typesupport_fastrtps_cpp.hpp
[0.329s] -- Up-to-date: /home/liu/chapt3/topic_practice_ws/install/status_interfaces/include/status_interfaces/status_interfaces/msg/detail/dds_fastrtps
[0.329s] -- Up-to-date: /home/liu/chapt3/topic_practice_ws/install/status_interfaces/lib/libstatus_interfaces__rosidl_typesupport_fastrtps_cpp.so
[0.329s] -- Up-to-date: /home/liu/chapt3/topic_practice_ws/install/status_interfaces/include/status_interfaces/status_interfaces
[0.329s] -- Up-to-date: /home/liu/chapt3/topic_practice_ws/install/status_interfaces/include/status_interfaces/status_interfaces/msg
[0.329s] -- Up-to-date: /home/liu/chapt3/topic_practice_ws/install/status_interfaces/include/status_interfaces/status_interfaces/msg/rosidl_typesupport_introspection_c__visibility_control.h
[0.329s] -- Up-to-date: /home/liu/chapt3/topic_practice_ws/install/status_interfaces/include/status_interfaces/status_interfaces/msg/detail
[0.329s] -- Up-to-date: /home/liu/chapt3/topic_practice_ws/install/status_interfaces/include/status_interfaces/status_interfaces/msg/detail/system_status__type_support.c
[0.329s] -- Up-to-date: /home/liu/chapt3/topic_practice_ws/install/status_interfaces/include/status_interfaces/status_interfaces/msg/detail/system_status__rosidl_typesupport_introspection_c.h
[0.329s] -- Up-to-date: /home/liu/chapt3/topic_practice_ws/install/status_interfaces/lib/libstatus_interfaces__rosidl_typesupport_introspection_c.so
[0.329s] -- Up-to-date: /home/liu/chapt3/topic_practice_ws/install/status_interfaces/lib/libstatus_interfaces__rosidl_typesupport_c.so
[0.329s] -- Up-to-date: /home/liu/chapt3/topic_practice_ws/install/status_interfaces/include/status_interfaces/status_interfaces
[0.330s] -- Up-to-date: /home/liu/chapt3/topic_practice_ws/install/status_interfaces/include/status_interfaces/status_interfaces/msg
[0.330s] -- Up-to-date: /home/liu/chapt3/topic_practice_ws/install/status_interfaces/include/status_interfaces/status_interfaces/msg/detail
[0.330s] -- Up-to-date: /home/liu/chapt3/topic_practice_ws/install/status_interfaces/include/status_interfaces/status_interfaces/msg/detail/system_status__rosidl_typesupport_introspection_cpp.hpp
[0.330s] -- Up-to-date: /home/liu/chapt3/topic_practice_ws/install/status_interfaces/include/status_interfaces/status_interfaces/msg/detail/system_status__type_support.cpp
[0.330s] -- Up-to-date: /home/liu/chapt3/topic_practice_ws/install/status_interfaces/lib/libstatus_interfaces__rosidl_typesupport_introspection_cpp.so
[0.330s] -- Up-to-date: /home/liu/chapt3/topic_practice_ws/install/status_interfaces/lib/libstatus_interfaces__rosidl_typesupport_cpp.so
[0.330s] -- Up-to-date: /home/liu/chapt3/topic_practice_ws/install/status_interfaces/share/status_interfaces/environment/pythonpath.sh
[0.330s] -- Up-to-date: /home/liu/chapt3/topic_practice_ws/install/status_interfaces/share/status_interfaces/environment/pythonpath.dsv
[0.330s] -- Up-to-date: /home/liu/chapt3/topic_practice_ws/install/status_interfaces/local/lib/python3.10/dist-packages/status_interfaces-0.0.0-py3.10.egg-info
[0.330s] -- Installing: /home/liu/chapt3/topic_practice_ws/install/status_interfaces/local/lib/python3.10/dist-packages/status_interfaces-0.0.0-py3.10.egg-info/PKG-INFO
[0.331s] -- Installing: /home/liu/chapt3/topic_practice_ws/install/status_interfaces/local/lib/python3.10/dist-packages/status_interfaces-0.0.0-py3.10.egg-info/SOURCES.txt
[0.331s] -- Installing: /home/liu/chapt3/topic_practice_ws/install/status_interfaces/local/lib/python3.10/dist-packages/status_interfaces-0.0.0-py3.10.egg-info/dependency_links.txt
[0.331s] -- Installing: /home/liu/chapt3/topic_practice_ws/install/status_interfaces/local/lib/python3.10/dist-packages/status_interfaces-0.0.0-py3.10.egg-info/top_level.txt
[0.331s] -- Up-to-date: /home/liu/chapt3/topic_practice_ws/install/status_interfaces/local/lib/python3.10/dist-packages/status_interfaces
[0.331s] -- Up-to-date: /home/liu/chapt3/topic_practice_ws/install/status_interfaces/local/lib/python3.10/dist-packages/status_interfaces/status_interfaces_s__rosidl_typesupport_fastrtps_c.cpython-310-x86_64-linux-gnu.so
[0.331s] -- Up-to-date: /home/liu/chapt3/topic_practice_ws/install/status_interfaces/local/lib/python3.10/dist-packages/status_interfaces/__init__.py
[0.331s] -- Up-to-date: /home/liu/chapt3/topic_practice_ws/install/status_interfaces/local/lib/python3.10/dist-packages/status_interfaces/libstatus_interfaces__rosidl_generator_py.so
[0.331s] -- Up-to-date: /home/liu/chapt3/topic_practice_ws/install/status_interfaces/local/lib/python3.10/dist-packages/status_interfaces/_status_interfaces_s.ep.rosidl_typesupport_introspection_c.c
[0.331s] -- Up-to-date: /home/liu/chapt3/topic_practice_ws/install/status_interfaces/local/lib/python3.10/dist-packages/status_interfaces/_status_interfaces_s.ep.rosidl_typesupport_c.c
[0.331s] -- Up-to-date: /home/liu/chapt3/topic_practice_ws/install/status_interfaces/local/lib/python3.10/dist-packages/status_interfaces/_status_interfaces_s.ep.rosidl_typesupport_fastrtps_c.c
[0.331s] -- Up-to-date: /home/liu/chapt3/topic_practice_ws/install/status_interfaces/local/lib/python3.10/dist-packages/status_interfaces/status_interfaces_s__rosidl_typesupport_c.cpython-310-x86_64-linux-gnu.so
[0.331s] -- Up-to-date: /home/liu/chapt3/topic_practice_ws/install/status_interfaces/local/lib/python3.10/dist-packages/status_interfaces/status_interfaces_s__rosidl_typesupport_introspection_c.cpython-310-x86_64-linux-gnu.so
[0.332s] -- Up-to-date: /home/liu/chapt3/topic_practice_ws/install/status_interfaces/local/lib/python3.10/dist-packages/status_interfaces/msg
[0.332s] -- Up-to-date: /home/liu/chapt3/topic_practice_ws/install/status_interfaces/local/lib/python3.10/dist-packages/status_interfaces/msg/__init__.py
[0.332s] -- Up-to-date: /home/liu/chapt3/topic_practice_ws/install/status_interfaces/local/lib/python3.10/dist-packages/status_interfaces/msg/_system_status_s.c
[0.332s] -- Up-to-date: /home/liu/chapt3/topic_practice_ws/install/status_interfaces/local/lib/python3.10/dist-packages/status_interfaces/msg/_system_status.py
[0.361s] Listing '/home/liu/chapt3/topic_practice_ws/install/status_interfaces/local/lib/python3.10/dist-packages/status_interfaces'...
[0.361s] Listing '/home/liu/chapt3/topic_practice_ws/install/status_interfaces/local/lib/python3.10/dist-packages/status_interfaces/msg'...
[0.367s] -- Up-to-date: /home/liu/chapt3/topic_practice_ws/install/status_interfaces/local/lib/python3.10/dist-packages/status_interfaces/status_interfaces_s__rosidl_typesupport_fastrtps_c.cpython-310-x86_64-linux-gnu.so
[0.367s] -- Up-to-date: /home/liu/chapt3/topic_practice_ws/install/status_interfaces/local/lib/python3.10/dist-packages/status_interfaces/status_interfaces_s__rosidl_typesupport_introspection_c.cpython-310-x86_64-linux-gnu.so
[0.367s] -- Up-to-date: /home/liu/chapt3/topic_practice_ws/install/status_interfaces/local/lib/python3.10/dist-packages/status_interfaces/status_interfaces_s__rosidl_typesupport_c.cpython-310-x86_64-linux-gnu.so
[0.367s] -- Up-to-date: /home/liu/chapt3/topic_practice_ws/install/status_interfaces/lib/libstatus_interfaces__rosidl_generator_py.so
[0.368s] -- Up-to-date: /home/liu/chapt3/topic_practice_ws/install/status_interfaces/share/status_interfaces/msg/SystemStatus.idl
[0.368s] -- Up-to-date: /home/liu/chapt3/topic_practice_ws/install/status_interfaces/share/status_interfaces/msg/SystemStatus.msg
[0.368s] -- Up-to-date: /home/liu/chapt3/topic_practice_ws/install/status_interfaces/share/ament_index/resource_index/package_run_dependencies/status_interfaces
[0.368s] -- Up-to-date: /home/liu/chapt3/topic_practice_ws/install/status_interfaces/share/ament_index/resource_index/parent_prefix_path/status_interfaces
[0.368s] -- Up-to-date: /home/liu/chapt3/topic_practice_ws/install/status_interfaces/share/status_interfaces/environment/ament_prefix_path.sh
[0.368s] -- Up-to-date: /home/liu/chapt3/topic_practice_ws/install/status_interfaces/share/status_interfaces/environment/ament_prefix_path.dsv
[0.368s] -- Up-to-date: /home/liu/chapt3/topic_practice_ws/install/status_interfaces/share/status_interfaces/environment/path.sh
[0.368s] -- Up-to-date: /home/liu/chapt3/topic_practice_ws/install/status_interfaces/share/status_interfaces/environment/path.dsv
[0.369s] -- Up-to-date: /home/liu/chapt3/topic_practice_ws/install/status_interfaces/share/status_interfaces/local_setup.bash
[0.369s] -- Up-to-date: /home/liu/chapt3/topic_practice_ws/install/status_interfaces/share/status_interfaces/local_setup.sh
[0.369s] -- Up-to-date: /home/liu/chapt3/topic_practice_ws/install/status_interfaces/share/status_interfaces/local_setup.zsh
[0.369s] -- Up-to-date: /home/liu/chapt3/topic_practice_ws/install/status_interfaces/share/status_interfaces/local_setup.dsv
[0.369s] -- Installing: /home/liu/chapt3/topic_practice_ws/install/status_interfaces/share/status_interfaces/package.dsv
[0.369s] -- Up-to-date: /home/liu/chapt3/topic_practice_ws/install/status_interfaces/share/ament_index/resource_index/packages/status_interfaces
[0.369s] -- Up-to-date: /home/liu/chapt3/topic_practice_ws/install/status_interfaces/share/status_interfaces/cmake/export_status_interfaces__rosidl_generator_cExport.cmake
[0.369s] -- Up-to-date: /home/liu/chapt3/topic_practice_ws/install/status_interfaces/share/status_interfaces/cmake/export_status_interfaces__rosidl_generator_cExport-noconfig.cmake
[0.369s] -- Up-to-date: /home/liu/chapt3/topic_practice_ws/install/status_interfaces/share/status_interfaces/cmake/export_status_interfaces__rosidl_typesupport_fastrtps_cExport.cmake
[0.369s] -- Up-to-date: /home/liu/chapt3/topic_practice_ws/install/status_interfaces/share/status_interfaces/cmake/export_status_interfaces__rosidl_typesupport_fastrtps_cExport-noconfig.cmake
[0.369s] -- Up-to-date: /home/liu/chapt3/topic_practice_ws/install/status_interfaces/share/status_interfaces/cmake/export_status_interfaces__rosidl_generator_cppExport.cmake
[0.370s] -- Up-to-date: /home/liu/chapt3/topic_practice_ws/install/status_interfaces/share/status_interfaces/cmake/export_status_interfaces__rosidl_typesupport_fastrtps_cppExport.cmake
[0.370s] -- Up-to-date: /home/liu/chapt3/topic_practice_ws/install/status_interfaces/share/status_interfaces/cmake/export_status_interfaces__rosidl_typesupport_fastrtps_cppExport-noconfig.cmake
[0.370s] -- Up-to-date: /home/liu/chapt3/topic_practice_ws/install/status_interfaces/share/status_interfaces/cmake/status_interfaces__rosidl_typesupport_introspection_cExport.cmake
[0.370s] -- Up-to-date: /home/liu/chapt3/topic_practice_ws/install/status_interfaces/share/status_interfaces/cmake/status_interfaces__rosidl_typesupport_introspection_cExport-noconfig.cmake
[0.370s] -- Up-to-date: /home/liu/chapt3/topic_practice_ws/install/status_interfaces/share/status_interfaces/cmake/status_interfaces__rosidl_typesupport_cExport.cmake
[0.370s] -- Up-to-date: /home/liu/chapt3/topic_practice_ws/install/status_interfaces/share/status_interfaces/cmake/status_interfaces__rosidl_typesupport_cExport-noconfig.cmake
[0.370s] -- Up-to-date: /home/liu/chapt3/topic_practice_ws/install/status_interfaces/share/status_interfaces/cmake/status_interfaces__rosidl_typesupport_introspection_cppExport.cmake
[0.370s] -- Up-to-date: /home/liu/chapt3/topic_practice_ws/install/status_interfaces/share/status_interfaces/cmake/status_interfaces__rosidl_typesupport_introspection_cppExport-noconfig.cmake
[0.370s] -- Up-to-date: /home/liu/chapt3/topic_practice_ws/install/status_interfaces/share/status_interfaces/cmake/status_interfaces__rosidl_typesupport_cppExport.cmake
[0.370s] -- Up-to-date: /home/liu/chapt3/topic_practice_ws/install/status_interfaces/share/status_interfaces/cmake/status_interfaces__rosidl_typesupport_cppExport-noconfig.cmake
[0.370s] -- Up-to-date: /home/liu/chapt3/topic_practice_ws/install/status_interfaces/share/status_interfaces/cmake/export_status_interfaces__rosidl_generator_pyExport.cmake
[0.370s] -- Up-to-date: /home/liu/chapt3/topic_practice_ws/install/status_interfaces/share/status_interfaces/cmake/export_status_interfaces__rosidl_generator_pyExport-noconfig.cmake
[0.370s] -- Up-to-date: /home/liu/chapt3/topic_practice_ws/install/status_interfaces/share/status_interfaces/cmake/rosidl_cmake-extras.cmake
[0.370s] -- Up-to-date: /home/liu/chapt3/topic_practice_ws/install/status_interfaces/share/status_interfaces/cmake/ament_cmake_export_dependencies-extras.cmake
[0.370s] -- Up-to-date: /home/liu/chapt3/topic_practice_ws/install/status_interfaces/share/status_interfaces/cmake/ament_cmake_export_include_directories-extras.cmake
[0.370s] -- Up-to-date: /home/liu/chapt3/topic_practice_ws/install/status_interfaces/share/status_interfaces/cmake/ament_cmake_export_libraries-extras.cmake
[0.370s] -- Up-to-date: /home/liu/chapt3/topic_practice_ws/install/status_interfaces/share/status_interfaces/cmake/ament_cmake_export_targets-extras.cmake
[0.370s] -- Up-to-date: /home/liu/chapt3/topic_practice_ws/install/status_interfaces/share/status_interfaces/cmake/rosidl_cmake_export_typesupport_targets-extras.cmake
[0.371s] -- Up-to-date: /home/liu/chapt3/topic_practice_ws/install/status_interfaces/share/status_interfaces/cmake/rosidl_cmake_export_typesupport_libraries-extras.cmake
[0.371s] -- Up-to-date: /home/liu/chapt3/topic_practice_ws/install/status_interfaces/share/status_interfaces/cmake/status_interfacesConfig.cmake
[0.371s] -- Up-to-date: /home/liu/chapt3/topic_practice_ws/install/status_interfaces/share/status_interfaces/cmake/status_interfacesConfig-version.cmake
[0.371s] -- Up-to-date: /home/liu/chapt3/topic_practice_ws/install/status_interfaces/share/status_interfaces/package.xml
[0.373s] Invoked command in '/home/liu/chapt3/topic_practice_ws/build/status_interfaces' returned '0': CMAKE_PREFIX_PATH=${CMAKE_PREFIX_PATH}:/home/liu/chapt3/topic_practice_ws/install/status_publisher:/opt/ros/humble /usr/bin/cmake --install /home/liu/chapt3/topic_practice_ws/build/status_interfaces
