[0.017s] Invoking command in '/home/liu/chapt3/topic_practice_ws/build/status_display': CMAKE_PREFIX_PATH=/home/liu/chapt3/topic_practice_ws/install/status_interfaces:/home/liu/chapt3/topic_practice_ws/install/status_display:/home/liu/chapt3/topic_practice_ws/install/status_publisher:/opt/ros/humble /usr/bin/cmake --build /home/liu/chapt3/topic_practice_ws/build/status_display -- -j12 -l12
[0.056s] -- Found ament_cmake: 1.3.10 (/opt/ros/humble/share/ament_cmake/cmake)
[0.246s] -- Found rclcpp: 16.0.10 (/opt/ros/humble/share/rclcpp/cmake)
[0.284s] -- Found rosidl_generator_c: 3.1.5 (/opt/ros/humble/share/rosidl_generator_c/cmake)
[0.288s] -- Found rosidl_adapter: 3.1.5 (/opt/ros/humble/share/rosidl_adapter/cmake)
[0.294s] -- Found rosidl_generator_cpp: 3.1.5 (/opt/ros/humble/share/rosidl_generator_cpp/cmake)
[0.307s] -- Using all available rosidl_typesupport_c: rosidl_typesupport_fastrtps_c;rosidl_typesupport_introspection_c
[0.324s] -- Using all available rosidl_typesupport_cpp: rosidl_typesupport_fastrtps_cpp;rosidl_typesupport_introspection_cpp
[0.359s] -- Found rmw_implementation_cmake: 6.1.2 (/opt/ros/humble/share/rmw_implementation_cmake/cmake)
[0.361s] -- Found rmw_fastrtps_cpp: 6.2.7 (/opt/ros/humble/share/rmw_fastrtps_cpp/cmake)
[0.485s] -- Using RMW implementation 'rmw_fastrtps_cpp' as default
[0.540s] -- Found status_interfaces: 0.0.0 (/home/liu/chapt3/topic_practice_ws/install/status_interfaces/share/status_interfaces/cmake)
[0.560s] -- Found ament_lint_auto: 0.12.11 (/opt/ros/humble/share/ament_lint_auto/cmake)
[0.664s] -- Added test 'cppcheck' to perform static code analysis on C / C++ code
[0.664s] -- Configured cppcheck include dirs: 
[0.665s] -- Configured cppcheck exclude dirs and/or files: 
[0.665s] -- Added test 'lint_cmake' to check CMake code style
[0.665s] -- Added test 'uncrustify' to check C / C++ code style
[0.666s] -- Configured uncrustify additional arguments: 
[0.666s] -- Added test 'xmllint' to check XML markup files
[0.667s] -- Configuring done
[0.689s] -- Generating done
[0.695s] -- Build files have been written to: /home/liu/chapt3/topic_practice_ws/build/status_display
[0.732s] [35m[1mConsolidate compiler generated dependencies of target hello_qt[0m
[0.744s] [ 25%] [32mBuilding CXX object CMakeFiles/sys_status_display.dir/src/sys_status_display.cpp.o[0m
[0.748s] [ 50%] [32mBuilding CXX object CMakeFiles/hello_qt.dir/src/hello_qt.cpp.o[0m
[2.373s] [ 75%] [32m[1mLinking CXX executable hello_qt[0m
[3.075s] [ 75%] Built target hello_qt
[13.776s] [100%] [32m[1mLinking CXX executable sys_status_display[0m
[16.669s] [100%] Built target sys_status_display
[16.687s] Invoked command in '/home/liu/chapt3/topic_practice_ws/build/status_display' returned '0': CMAKE_PREFIX_PATH=/home/liu/chapt3/topic_practice_ws/install/status_interfaces:/home/liu/chapt3/topic_practice_ws/install/status_display:/home/liu/chapt3/topic_practice_ws/install/status_publisher:/opt/ros/humble /usr/bin/cmake --build /home/liu/chapt3/topic_practice_ws/build/status_display -- -j12 -l12
[16.688s] Invoking command in '/home/liu/chapt3/topic_practice_ws/build/status_display': CMAKE_PREFIX_PATH=/home/liu/chapt3/topic_practice_ws/install/status_interfaces:/home/liu/chapt3/topic_practice_ws/install/status_display:/home/liu/chapt3/topic_practice_ws/install/status_publisher:/opt/ros/humble /usr/bin/cmake --install /home/liu/chapt3/topic_practice_ws/build/status_display
[16.703s] -- Install configuration: ""
[16.704s] -- Installing: /home/liu/chapt3/topic_practice_ws/install/status_display/lib/status_display/hello_qt
[16.704s] -- Installing: /home/liu/chapt3/topic_practice_ws/install/status_display/lib/status_display/sys_status_display
[16.712s] -- Set runtime path of "/home/liu/chapt3/topic_practice_ws/install/status_display/lib/status_display/sys_status_display" to ""
[16.713s] -- Up-to-date: /home/liu/chapt3/topic_practice_ws/install/status_display/share/ament_index/resource_index/package_run_dependencies/status_display
[16.713s] -- Installing: /home/liu/chapt3/topic_practice_ws/install/status_display/share/ament_index/resource_index/parent_prefix_path/status_display
[16.713s] -- Up-to-date: /home/liu/chapt3/topic_practice_ws/install/status_display/share/status_display/environment/ament_prefix_path.sh
[16.713s] -- Installing: /home/liu/chapt3/topic_practice_ws/install/status_display/share/status_display/environment/ament_prefix_path.dsv
[16.713s] -- Up-to-date: /home/liu/chapt3/topic_practice_ws/install/status_display/share/status_display/environment/path.sh
[16.713s] -- Installing: /home/liu/chapt3/topic_practice_ws/install/status_display/share/status_display/environment/path.dsv
[16.713s] -- Up-to-date: /home/liu/chapt3/topic_practice_ws/install/status_display/share/status_display/local_setup.bash
[16.714s] -- Up-to-date: /home/liu/chapt3/topic_practice_ws/install/status_display/share/status_display/local_setup.sh
[16.714s] -- Up-to-date: /home/liu/chapt3/topic_practice_ws/install/status_display/share/status_display/local_setup.zsh
[16.714s] -- Installing: /home/liu/chapt3/topic_practice_ws/install/status_display/share/status_display/local_setup.dsv
[16.714s] -- Installing: /home/liu/chapt3/topic_practice_ws/install/status_display/share/status_display/package.dsv
[16.714s] -- Up-to-date: /home/liu/chapt3/topic_practice_ws/install/status_display/share/ament_index/resource_index/packages/status_display
[16.714s] -- Up-to-date: /home/liu/chapt3/topic_practice_ws/install/status_display/share/status_display/cmake/status_displayConfig.cmake
[16.714s] -- Up-to-date: /home/liu/chapt3/topic_practice_ws/install/status_display/share/status_display/cmake/status_displayConfig-version.cmake
[16.714s] -- Up-to-date: /home/liu/chapt3/topic_practice_ws/install/status_display/share/status_display/package.xml
[16.717s] Invoked command in '/home/liu/chapt3/topic_practice_ws/build/status_display' returned '0': CMAKE_PREFIX_PATH=/home/liu/chapt3/topic_practice_ws/install/status_interfaces:/home/liu/chapt3/topic_practice_ws/install/status_display:/home/liu/chapt3/topic_practice_ws/install/status_publisher:/opt/ros/humble /usr/bin/cmake --install /home/liu/chapt3/topic_practice_ws/build/status_display
