[1.156s] Invoking command in '/home/liu/chapt3/topic_practice_ws/src/status_publisher': CMAKE_PREFIX_PATH=/home/liu/chapt3/topic_practice_ws/install/status_interfaces:/home/liu/chapt3/topic_practice_ws/install/status_display PYTHONPATH=/home/liu/chapt3/topic_practice_ws/build/status_publisher/prefix_override:/usr/lib/python3/dist-packages/colcon_core/task/python/colcon_distutils_commands:/home/liu/chapt3/topic_practice_ws/install/status_publisher/lib/python3.10/site-packages:${PYTHONPATH} /usr/bin/python3 -W ignore:setup.py install is deprecated -W ignore:easy_install command is deprecated setup.py egg_info --egg-base ../../build/status_publisher build --build-base /home/liu/chapt3/topic_practice_ws/build/status_publisher/build install --record /home/liu/chapt3/topic_practice_ws/build/status_publisher/install.log --single-version-externally-managed install_data
[1.410s] running egg_info
[1.410s] writing ../../build/status_publisher/status_publisher.egg-info/PKG-INFO
[1.411s] writing dependency_links to ../../build/status_publisher/status_publisher.egg-info/dependency_links.txt
[1.411s] writing entry points to ../../build/status_publisher/status_publisher.egg-info/entry_points.txt
[1.411s] writing requirements to ../../build/status_publisher/status_publisher.egg-info/requires.txt
[1.411s] writing top-level names to ../../build/status_publisher/status_publisher.egg-info/top_level.txt
[1.414s] reading manifest file '../../build/status_publisher/status_publisher.egg-info/SOURCES.txt'
[1.414s] adding license file 'LICENSE'
[1.415s] writing manifest file '../../build/status_publisher/status_publisher.egg-info/SOURCES.txt'
[1.415s] running build
[1.415s] running build_py
[1.415s] copying status_publisher/sys_status_pub.py -> /home/liu/chapt3/topic_practice_ws/build/status_publisher/build/lib/status_publisher
[1.415s] running install
[1.416s] running install_lib
[1.417s] copying /home/liu/chapt3/topic_practice_ws/build/status_publisher/build/lib/status_publisher/sys_status_pub.py -> /home/liu/chapt3/topic_practice_ws/install/status_publisher/lib/python3.10/site-packages/status_publisher
[1.418s] byte-compiling /home/liu/chapt3/topic_practice_ws/install/status_publisher/lib/python3.10/site-packages/status_publisher/sys_status_pub.py to sys_status_pub.cpython-310.pyc
[1.418s] running install_data
[1.418s] running install_egg_info
[1.420s] removing '/home/liu/chapt3/topic_practice_ws/install/status_publisher/lib/python3.10/site-packages/status_publisher-0.0.0-py3.10.egg-info' (and everything under it)
[1.420s] Copying ../../build/status_publisher/status_publisher.egg-info to /home/liu/chapt3/topic_practice_ws/install/status_publisher/lib/python3.10/site-packages/status_publisher-0.0.0-py3.10.egg-info
[1.421s] running install_scripts
[1.453s] Installing sys_status_pub script to /home/liu/chapt3/topic_practice_ws/install/status_publisher/lib/status_publisher
[1.453s] writing list of installed files to '/home/liu/chapt3/topic_practice_ws/build/status_publisher/install.log'
[1.501s] Invoked command in '/home/liu/chapt3/topic_practice_ws/src/status_publisher' returned '0': CMAKE_PREFIX_PATH=/home/liu/chapt3/topic_practice_ws/install/status_interfaces:/home/liu/chapt3/topic_practice_ws/install/status_display PYTHONPATH=/home/liu/chapt3/topic_practice_ws/build/status_publisher/prefix_override:/usr/lib/python3/dist-packages/colcon_core/task/python/colcon_distutils_commands:/home/liu/chapt3/topic_practice_ws/install/status_publisher/lib/python3.10/site-packages:${PYTHONPATH} /usr/bin/python3 -W ignore:setup.py install is deprecated -W ignore:easy_install command is deprecated setup.py egg_info --egg-base ../../build/status_publisher build --build-base /home/liu/chapt3/topic_practice_ws/build/status_publisher/build install --record /home/liu/chapt3/topic_practice_ws/build/status_publisher/install.log --single-version-externally-managed install_data
