[0.470s] Invoking command in '/home/liu/chapt3/topic_practice_ws/src/status_publisher': PYTHONPATH=/home/liu/chapt3/topic_practice_ws/build/status_publisher/prefix_override:/usr/lib/python3/dist-packages/colcon_core/task/python/colcon_distutils_commands:/home/liu/chapt3/topic_practice_ws/install/status_publisher/lib/python3.10/site-packages:${PYTHONPATH} /usr/bin/python3 -W ignore:setup.py install is deprecated -W ignore:easy_install command is deprecated setup.py egg_info --egg-base ../../build/status_publisher build --build-base /home/liu/chapt3/topic_practice_ws/build/status_publisher/build install --record /home/liu/chapt3/topic_practice_ws/build/status_publisher/install.log --single-version-externally-managed install_data
[0.660s] running egg_info
[0.660s] creating ../../build/status_publisher/status_publisher.egg-info
[0.660s] writing ../../build/status_publisher/status_publisher.egg-info/PKG-INFO
[0.660s] writing dependency_links to ../../build/status_publisher/status_publisher.egg-info/dependency_links.txt
[0.660s] writing entry points to ../../build/status_publisher/status_publisher.egg-info/entry_points.txt
[0.661s] writing requirements to ../../build/status_publisher/status_publisher.egg-info/requires.txt
[0.661s] writing top-level names to ../../build/status_publisher/status_publisher.egg-info/top_level.txt
[0.661s] writing manifest file '../../build/status_publisher/status_publisher.egg-info/SOURCES.txt'
[0.662s] reading manifest file '../../build/status_publisher/status_publisher.egg-info/SOURCES.txt'
[0.663s] adding license file 'LICENSE'
[0.663s] writing manifest file '../../build/status_publisher/status_publisher.egg-info/SOURCES.txt'
[0.663s] running build
[0.664s] running build_py
[0.664s] creating /home/liu/chapt3/topic_practice_ws/build/status_publisher/build
[0.664s] creating /home/liu/chapt3/topic_practice_ws/build/status_publisher/build/lib
[0.664s] creating /home/liu/chapt3/topic_practice_ws/build/status_publisher/build/lib/status_publisher
[0.664s] copying status_publisher/__init__.py -> /home/liu/chapt3/topic_practice_ws/build/status_publisher/build/lib/status_publisher
[0.664s] copying status_publisher/sys_status_pub.py -> /home/liu/chapt3/topic_practice_ws/build/status_publisher/build/lib/status_publisher
[0.664s] running install
[0.664s] running install_lib
[0.665s] creating /home/liu/chapt3/topic_practice_ws/install/status_publisher/lib/python3.10/site-packages/status_publisher
[0.665s] copying /home/liu/chapt3/topic_practice_ws/build/status_publisher/build/lib/status_publisher/__init__.py -> /home/liu/chapt3/topic_practice_ws/install/status_publisher/lib/python3.10/site-packages/status_publisher
[0.665s] copying /home/liu/chapt3/topic_practice_ws/build/status_publisher/build/lib/status_publisher/sys_status_pub.py -> /home/liu/chapt3/topic_practice_ws/install/status_publisher/lib/python3.10/site-packages/status_publisher
[0.665s] byte-compiling /home/liu/chapt3/topic_practice_ws/install/status_publisher/lib/python3.10/site-packages/status_publisher/__init__.py to __init__.cpython-310.pyc
[0.665s] byte-compiling /home/liu/chapt3/topic_practice_ws/install/status_publisher/lib/python3.10/site-packages/status_publisher/sys_status_pub.py to sys_status_pub.cpython-310.pyc
[0.666s] running install_data
[0.666s] creating /home/liu/chapt3/topic_practice_ws/install/status_publisher/share/ament_index
[0.666s] creating /home/liu/chapt3/topic_practice_ws/install/status_publisher/share/ament_index/resource_index
[0.666s] creating /home/liu/chapt3/topic_practice_ws/install/status_publisher/share/ament_index/resource_index/packages
[0.667s] copying resource/status_publisher -> /home/liu/chapt3/topic_practice_ws/install/status_publisher/share/ament_index/resource_index/packages
[0.667s] copying package.xml -> /home/liu/chapt3/topic_practice_ws/install/status_publisher/share/status_publisher
[0.667s] running install_egg_info
[0.669s] Copying ../../build/status_publisher/status_publisher.egg-info to /home/liu/chapt3/topic_practice_ws/install/status_publisher/lib/python3.10/site-packages/status_publisher-0.0.0-py3.10.egg-info
[0.669s] running install_scripts
[0.689s] Installing sys_status_pub script to /home/liu/chapt3/topic_practice_ws/install/status_publisher/lib/status_publisher
[0.689s] writing list of installed files to '/home/liu/chapt3/topic_practice_ws/build/status_publisher/install.log'
[0.707s] Invoked command in '/home/liu/chapt3/topic_practice_ws/src/status_publisher' returned '0': PYTHONPATH=/home/liu/chapt3/topic_practice_ws/build/status_publisher/prefix_override:/usr/lib/python3/dist-packages/colcon_core/task/python/colcon_distutils_commands:/home/liu/chapt3/topic_practice_ws/install/status_publisher/lib/python3.10/site-packages:${PYTHONPATH} /usr/bin/python3 -W ignore:setup.py install is deprecated -W ignore:easy_install command is deprecated setup.py egg_info --egg-base ../../build/status_publisher build --build-base /home/liu/chapt3/topic_practice_ws/build/status_publisher/build install --record /home/liu/chapt3/topic_practice_ws/build/status_publisher/install.log --single-version-externally-managed install_data
