[0.110s] DEBUG:colcon:Command line arguments: ['/usr/bin/colcon', 'build']
[0.110s] DEBUG:colcon:Parsed command line arguments: Namespace(log_base=None, log_level=None, verb_name='build', build_base='build', install_base='install', merge_install=False, symlink_install=False, test_result_base=None, continue_on_error=False, executor='parallel', parallel_workers=12, event_handlers=None, ignore_user_meta=False, metas=['./colcon.meta'], base_paths=['.'], packages_ignore=None, packages_ignore_regex=None, paths=None, packages_up_to=None, packages_up_to_regex=None, packages_above=None, packages_above_and_dependencies=None, packages_above_depth=None, packages_select_by_dep=None, packages_skip_by_dep=None, packages_skip_up_to=None, packages_select_build_failed=False, packages_skip_build_finished=False, packages_select_test_failures=False, packages_skip_test_passed=False, packages_select=None, packages_skip=None, packages_select_regex=None, packages_skip_regex=None, packages_start=None, packages_end=None, allow_overriding=[], cmake_args=None, cmake_target=None, cmake_target_skip_unavailable=False, cmake_clean_cache=False, cmake_clean_first=False, cmake_force_configure=False, ament_cmake_args=None, catkin_cmake_args=None, catkin_skip_building_tests=False, verb_parser=<colcon_defaults.argument_parser.defaults.DefaultArgumentsDecorator object at 0x7f01db098430>, verb_extension=<colcon_core.verb.build.BuildVerb object at 0x7f01db26e290>, main=<bound method BuildVerb.main of <colcon_core.verb.build.BuildVerb object at 0x7f01db26e290>>)
[0.330s] Level 1:colcon.colcon_core.package_discovery:discover_packages(colcon_meta) check parameters
[0.330s] Level 1:colcon.colcon_core.package_discovery:discover_packages(recursive) check parameters
[0.330s] Level 1:colcon.colcon_core.package_discovery:discover_packages(ignore) check parameters
[0.330s] Level 1:colcon.colcon_core.package_discovery:discover_packages(path) check parameters
[0.331s] Level 1:colcon.colcon_core.package_discovery:discover_packages(colcon_meta) discover
[0.331s] Level 1:colcon.colcon_core.package_discovery:discover_packages(recursive) discover
[0.331s] INFO:colcon.colcon_core.package_discovery:Crawling recursively for packages in '/home/liu/chapt3/topic_practice_ws'
[0.331s] Level 1:colcon.colcon_core.package_identification:_identify(.) by extensions ['ignore', 'ignore_ament_install']
[0.331s] Level 1:colcon.colcon_core.package_identification:_identify(.) by extension 'ignore'
[0.331s] Level 1:colcon.colcon_core.package_identification:_identify(.) by extension 'ignore_ament_install'
[0.332s] Level 1:colcon.colcon_core.package_identification:_identify(.) by extensions ['colcon_pkg']
[0.332s] Level 1:colcon.colcon_core.package_identification:_identify(.) by extension 'colcon_pkg'
[0.332s] Level 1:colcon.colcon_core.package_identification:_identify(.) by extensions ['colcon_meta']
[0.332s] Level 1:colcon.colcon_core.package_identification:_identify(.) by extension 'colcon_meta'
[0.332s] Level 1:colcon.colcon_core.package_identification:_identify(.) by extensions ['ros']
[0.332s] Level 1:colcon.colcon_core.package_identification:_identify(.) by extension 'ros'
[0.354s] Level 1:colcon.colcon_core.package_identification:_identify(.) by extensions ['cmake', 'python']
[0.355s] Level 1:colcon.colcon_core.package_identification:_identify(.) by extension 'cmake'
[0.355s] Level 1:colcon.colcon_core.package_identification:_identify(.) by extension 'python'
[0.355s] Level 1:colcon.colcon_core.package_identification:_identify(.) by extensions ['python_setup_py']
[0.355s] Level 1:colcon.colcon_core.package_identification:_identify(.) by extension 'python_setup_py'
[0.355s] Level 1:colcon.colcon_core.package_identification:_identify(build) by extensions ['ignore', 'ignore_ament_install']
[0.355s] Level 1:colcon.colcon_core.package_identification:_identify(build) by extension 'ignore'
[0.355s] Level 1:colcon.colcon_core.package_identification:_identify(build) ignored
[0.355s] Level 1:colcon.colcon_core.package_identification:_identify(install) by extensions ['ignore', 'ignore_ament_install']
[0.355s] Level 1:colcon.colcon_core.package_identification:_identify(install) by extension 'ignore'
[0.355s] Level 1:colcon.colcon_core.package_identification:_identify(install) ignored
[0.355s] Level 1:colcon.colcon_core.package_identification:_identify(log) by extensions ['ignore', 'ignore_ament_install']
[0.356s] Level 1:colcon.colcon_core.package_identification:_identify(log) by extension 'ignore'
[0.356s] Level 1:colcon.colcon_core.package_identification:_identify(log) ignored
[0.356s] Level 1:colcon.colcon_core.package_identification:_identify(src) by extensions ['ignore', 'ignore_ament_install']
[0.356s] Level 1:colcon.colcon_core.package_identification:_identify(src) by extension 'ignore'
[0.356s] Level 1:colcon.colcon_core.package_identification:_identify(src) by extension 'ignore_ament_install'
[0.356s] Level 1:colcon.colcon_core.package_identification:_identify(src) by extensions ['colcon_pkg']
[0.356s] Level 1:colcon.colcon_core.package_identification:_identify(src) by extension 'colcon_pkg'
[0.356s] Level 1:colcon.colcon_core.package_identification:_identify(src) by extensions ['colcon_meta']
[0.356s] Level 1:colcon.colcon_core.package_identification:_identify(src) by extension 'colcon_meta'
[0.356s] Level 1:colcon.colcon_core.package_identification:_identify(src) by extensions ['ros']
[0.356s] Level 1:colcon.colcon_core.package_identification:_identify(src) by extension 'ros'
[0.356s] Level 1:colcon.colcon_core.package_identification:_identify(src) by extensions ['cmake', 'python']
[0.356s] Level 1:colcon.colcon_core.package_identification:_identify(src) by extension 'cmake'
[0.356s] Level 1:colcon.colcon_core.package_identification:_identify(src) by extension 'python'
[0.356s] Level 1:colcon.colcon_core.package_identification:_identify(src) by extensions ['python_setup_py']
[0.356s] Level 1:colcon.colcon_core.package_identification:_identify(src) by extension 'python_setup_py'
[0.356s] Level 1:colcon.colcon_core.package_identification:_identify(src/status_display) by extensions ['ignore', 'ignore_ament_install']
[0.356s] Level 1:colcon.colcon_core.package_identification:_identify(src/status_display) by extension 'ignore'
[0.356s] Level 1:colcon.colcon_core.package_identification:_identify(src/status_display) by extension 'ignore_ament_install'
[0.356s] Level 1:colcon.colcon_core.package_identification:_identify(src/status_display) by extensions ['colcon_pkg']
[0.356s] Level 1:colcon.colcon_core.package_identification:_identify(src/status_display) by extension 'colcon_pkg'
[0.356s] Level 1:colcon.colcon_core.package_identification:_identify(src/status_display) by extensions ['colcon_meta']
[0.356s] Level 1:colcon.colcon_core.package_identification:_identify(src/status_display) by extension 'colcon_meta'
[0.357s] Level 1:colcon.colcon_core.package_identification:_identify(src/status_display) by extensions ['ros']
[0.357s] Level 1:colcon.colcon_core.package_identification:_identify(src/status_display) by extension 'ros'
[0.361s] DEBUG:colcon.colcon_core.package_identification:Package 'src/status_display' with type 'ros.ament_cmake' and name 'status_display'
[0.361s] Level 1:colcon.colcon_core.package_identification:_identify(src/status_interfaces) by extensions ['ignore', 'ignore_ament_install']
[0.361s] Level 1:colcon.colcon_core.package_identification:_identify(src/status_interfaces) by extension 'ignore'
[0.361s] Level 1:colcon.colcon_core.package_identification:_identify(src/status_interfaces) by extension 'ignore_ament_install'
[0.362s] Level 1:colcon.colcon_core.package_identification:_identify(src/status_interfaces) by extensions ['colcon_pkg']
[0.362s] Level 1:colcon.colcon_core.package_identification:_identify(src/status_interfaces) by extension 'colcon_pkg'
[0.362s] Level 1:colcon.colcon_core.package_identification:_identify(src/status_interfaces) by extensions ['colcon_meta']
[0.362s] Level 1:colcon.colcon_core.package_identification:_identify(src/status_interfaces) by extension 'colcon_meta'
[0.362s] Level 1:colcon.colcon_core.package_identification:_identify(src/status_interfaces) by extensions ['ros']
[0.362s] Level 1:colcon.colcon_core.package_identification:_identify(src/status_interfaces) by extension 'ros'
[0.363s] DEBUG:colcon.colcon_core.package_identification:Package 'src/status_interfaces' with type 'ros.ament_cmake' and name 'status_interfaces'
[0.364s] Level 1:colcon.colcon_core.package_identification:_identify(src/status_publisher) by extensions ['ignore', 'ignore_ament_install']
[0.364s] Level 1:colcon.colcon_core.package_identification:_identify(src/status_publisher) by extension 'ignore'
[0.364s] Level 1:colcon.colcon_core.package_identification:_identify(src/status_publisher) by extension 'ignore_ament_install'
[0.364s] Level 1:colcon.colcon_core.package_identification:_identify(src/status_publisher) by extensions ['colcon_pkg']
[0.364s] Level 1:colcon.colcon_core.package_identification:_identify(src/status_publisher) by extension 'colcon_pkg'
[0.364s] Level 1:colcon.colcon_core.package_identification:_identify(src/status_publisher) by extensions ['colcon_meta']
[0.365s] Level 1:colcon.colcon_core.package_identification:_identify(src/status_publisher) by extension 'colcon_meta'
[0.365s] Level 1:colcon.colcon_core.package_identification:_identify(src/status_publisher) by extensions ['ros']
[0.365s] Level 1:colcon.colcon_core.package_identification:_identify(src/status_publisher) by extension 'ros'
[0.367s] DEBUG:colcon.colcon_core.package_identification:Package 'src/status_publisher' with type 'ros.ament_python' and name 'status_publisher'
[0.368s] Level 1:colcon.colcon_core.package_discovery:discover_packages(recursive) using defaults
[0.368s] Level 1:colcon.colcon_core.package_discovery:discover_packages(ignore) discover
[0.368s] Level 1:colcon.colcon_core.package_discovery:discover_packages(ignore) using defaults
[0.368s] Level 1:colcon.colcon_core.package_discovery:discover_packages(path) discover
[0.368s] Level 1:colcon.colcon_core.package_discovery:discover_packages(path) using defaults
[0.404s] Level 1:colcon.colcon_core.package_discovery:discover_packages(prefix_path) check parameters
[0.404s] Level 1:colcon.colcon_core.package_discovery:discover_packages(prefix_path) discover
[0.409s] DEBUG:colcon.colcon_installed_package_information.package_discovery:Found 3 installed packages in /home/liu/chapt3/topic_practice_ws/install
[0.412s] DEBUG:colcon.colcon_installed_package_information.package_discovery:Found 270 installed packages in /opt/ros/humble
[0.414s] Level 1:colcon.colcon_core.package_discovery:discover_packages(prefix_path) using defaults
[0.515s] Level 5:colcon.colcon_core.verb:set package 'status_interfaces' build argument 'cmake_args' from command line to 'None'
[0.515s] Level 5:colcon.colcon_core.verb:set package 'status_interfaces' build argument 'cmake_target' from command line to 'None'
[0.515s] Level 5:colcon.colcon_core.verb:set package 'status_interfaces' build argument 'cmake_target_skip_unavailable' from command line to 'False'
[0.515s] Level 5:colcon.colcon_core.verb:set package 'status_interfaces' build argument 'cmake_clean_cache' from command line to 'False'
[0.515s] Level 5:colcon.colcon_core.verb:set package 'status_interfaces' build argument 'cmake_clean_first' from command line to 'False'
[0.515s] Level 5:colcon.colcon_core.verb:set package 'status_interfaces' build argument 'cmake_force_configure' from command line to 'False'
[0.515s] Level 5:colcon.colcon_core.verb:set package 'status_interfaces' build argument 'ament_cmake_args' from command line to 'None'
[0.515s] Level 5:colcon.colcon_core.verb:set package 'status_interfaces' build argument 'catkin_cmake_args' from command line to 'None'
[0.515s] Level 5:colcon.colcon_core.verb:set package 'status_interfaces' build argument 'catkin_skip_building_tests' from command line to 'False'
[0.516s] DEBUG:colcon.colcon_core.verb:Building package 'status_interfaces' with the following arguments: {'ament_cmake_args': None, 'build_base': '/home/liu/chapt3/topic_practice_ws/build/status_interfaces', 'catkin_cmake_args': None, 'catkin_skip_building_tests': False, 'cmake_args': None, 'cmake_clean_cache': False, 'cmake_clean_first': False, 'cmake_force_configure': False, 'cmake_target': None, 'cmake_target_skip_unavailable': False, 'install_base': '/home/liu/chapt3/topic_practice_ws/install/status_interfaces', 'merge_install': False, 'path': '/home/liu/chapt3/topic_practice_ws/src/status_interfaces', 'symlink_install': False, 'test_result_base': None}
[0.517s] Level 5:colcon.colcon_core.verb:set package 'status_display' build argument 'cmake_args' from command line to 'None'
[0.517s] Level 5:colcon.colcon_core.verb:set package 'status_display' build argument 'cmake_target' from command line to 'None'
[0.517s] Level 5:colcon.colcon_core.verb:set package 'status_display' build argument 'cmake_target_skip_unavailable' from command line to 'False'
[0.517s] Level 5:colcon.colcon_core.verb:set package 'status_display' build argument 'cmake_clean_cache' from command line to 'False'
[0.517s] Level 5:colcon.colcon_core.verb:set package 'status_display' build argument 'cmake_clean_first' from command line to 'False'
[0.517s] Level 5:colcon.colcon_core.verb:set package 'status_display' build argument 'cmake_force_configure' from command line to 'False'
[0.518s] Level 5:colcon.colcon_core.verb:set package 'status_display' build argument 'ament_cmake_args' from command line to 'None'
[0.518s] Level 5:colcon.colcon_core.verb:set package 'status_display' build argument 'catkin_cmake_args' from command line to 'None'
[0.518s] Level 5:colcon.colcon_core.verb:set package 'status_display' build argument 'catkin_skip_building_tests' from command line to 'False'
[0.518s] DEBUG:colcon.colcon_core.verb:Building package 'status_display' with the following arguments: {'ament_cmake_args': None, 'build_base': '/home/liu/chapt3/topic_practice_ws/build/status_display', 'catkin_cmake_args': None, 'catkin_skip_building_tests': False, 'cmake_args': None, 'cmake_clean_cache': False, 'cmake_clean_first': False, 'cmake_force_configure': False, 'cmake_target': None, 'cmake_target_skip_unavailable': False, 'install_base': '/home/liu/chapt3/topic_practice_ws/install/status_display', 'merge_install': False, 'path': '/home/liu/chapt3/topic_practice_ws/src/status_display', 'symlink_install': False, 'test_result_base': None}
[0.518s] Level 5:colcon.colcon_core.verb:set package 'status_publisher' build argument 'cmake_args' from command line to 'None'
[0.518s] Level 5:colcon.colcon_core.verb:set package 'status_publisher' build argument 'cmake_target' from command line to 'None'
[0.518s] Level 5:colcon.colcon_core.verb:set package 'status_publisher' build argument 'cmake_target_skip_unavailable' from command line to 'False'
[0.518s] Level 5:colcon.colcon_core.verb:set package 'status_publisher' build argument 'cmake_clean_cache' from command line to 'False'
[0.518s] Level 5:colcon.colcon_core.verb:set package 'status_publisher' build argument 'cmake_clean_first' from command line to 'False'
[0.518s] Level 5:colcon.colcon_core.verb:set package 'status_publisher' build argument 'cmake_force_configure' from command line to 'False'
[0.518s] Level 5:colcon.colcon_core.verb:set package 'status_publisher' build argument 'ament_cmake_args' from command line to 'None'
[0.518s] Level 5:colcon.colcon_core.verb:set package 'status_publisher' build argument 'catkin_cmake_args' from command line to 'None'
[0.518s] Level 5:colcon.colcon_core.verb:set package 'status_publisher' build argument 'catkin_skip_building_tests' from command line to 'False'
[0.518s] DEBUG:colcon.colcon_core.verb:Building package 'status_publisher' with the following arguments: {'ament_cmake_args': None, 'build_base': '/home/liu/chapt3/topic_practice_ws/build/status_publisher', 'catkin_cmake_args': None, 'catkin_skip_building_tests': False, 'cmake_args': None, 'cmake_clean_cache': False, 'cmake_clean_first': False, 'cmake_force_configure': False, 'cmake_target': None, 'cmake_target_skip_unavailable': False, 'install_base': '/home/liu/chapt3/topic_practice_ws/install/status_publisher', 'merge_install': False, 'path': '/home/liu/chapt3/topic_practice_ws/src/status_publisher', 'symlink_install': False, 'test_result_base': None}
[0.519s] INFO:colcon.colcon_core.executor:Executing jobs using 'parallel' executor
[0.520s] DEBUG:colcon.colcon_parallel_executor.executor.parallel:run_until_complete
[0.520s] INFO:colcon.colcon_ros.task.ament_cmake.build:Building ROS package in '/home/liu/chapt3/topic_practice_ws/src/status_interfaces' with build type 'ament_cmake'
[0.520s] INFO:colcon.colcon_cmake.task.cmake.build:Building CMake package in '/home/liu/chapt3/topic_practice_ws/src/status_interfaces'
[0.523s] INFO:colcon.colcon_core.plugin_system:Skipping extension 'colcon_core.shell.bat': Not used on non-Windows systems
[0.524s] INFO:colcon.colcon_core.shell:Skip shell extension 'powershell' for command environment: Not usable outside of PowerShell
[0.524s] DEBUG:colcon.colcon_core.shell:Skip shell extension 'dsv' for command environment
[0.539s] DEBUG:colcon.colcon_core.event_handler.log_command:Invoking command in '/home/liu/chapt3/topic_practice_ws/build/status_interfaces': CMAKE_PREFIX_PATH=${CMAKE_PREFIX_PATH}:/home/liu/chapt3/topic_practice_ws/install/status_publisher:/opt/ros/humble /usr/bin/cmake --build /home/liu/chapt3/topic_practice_ws/build/status_interfaces -- -j12 -l12
[1.325s] DEBUG:colcon.colcon_core.event_handler.log_command:Invoked command in '/home/liu/chapt3/topic_practice_ws/build/status_interfaces' returned '0': CMAKE_PREFIX_PATH=${CMAKE_PREFIX_PATH}:/home/liu/chapt3/topic_practice_ws/install/status_publisher:/opt/ros/humble /usr/bin/cmake --build /home/liu/chapt3/topic_practice_ws/build/status_interfaces -- -j12 -l12
[1.344s] DEBUG:colcon.colcon_core.event_handler.log_command:Invoking command in '/home/liu/chapt3/topic_practice_ws/build/status_interfaces': CMAKE_PREFIX_PATH=${CMAKE_PREFIX_PATH}:/home/liu/chapt3/topic_practice_ws/install/status_publisher:/opt/ros/humble /usr/bin/cmake --install /home/liu/chapt3/topic_practice_ws/build/status_interfaces
[1.437s] Level 1:colcon.colcon_core.environment:create_environment_scripts_only(status_interfaces)
[1.439s] DEBUG:colcon.colcon_core.event_handler.log_command:Invoked command in '/home/liu/chapt3/topic_practice_ws/build/status_interfaces' returned '0': CMAKE_PREFIX_PATH=${CMAKE_PREFIX_PATH}:/home/liu/chapt3/topic_practice_ws/install/status_publisher:/opt/ros/humble /usr/bin/cmake --install /home/liu/chapt3/topic_practice_ws/build/status_interfaces
[1.442s] Level 1:colcon.colcon_core.environment:checking '/home/liu/chapt3/topic_practice_ws/install/status_interfaces' for CMake module files
[1.443s] Level 1:colcon.colcon_core.environment:checking '/home/liu/chapt3/topic_practice_ws/install/status_interfaces' for CMake config files
[1.443s] Level 1:colcon.colcon_core.shell:create_environment_hook('status_interfaces', 'cmake_prefix_path')
[1.444s] INFO:colcon.colcon_core.shell:Creating environment hook '/home/liu/chapt3/topic_practice_ws/install/status_interfaces/share/status_interfaces/hook/cmake_prefix_path.ps1'
[1.445s] INFO:colcon.colcon_core.shell:Creating environment descriptor '/home/liu/chapt3/topic_practice_ws/install/status_interfaces/share/status_interfaces/hook/cmake_prefix_path.dsv'
[1.446s] INFO:colcon.colcon_core.shell:Creating environment hook '/home/liu/chapt3/topic_practice_ws/install/status_interfaces/share/status_interfaces/hook/cmake_prefix_path.sh'
[1.447s] Level 1:colcon.colcon_core.environment:checking '/home/liu/chapt3/topic_practice_ws/install/status_interfaces/lib'
[1.447s] Level 1:colcon.colcon_core.shell:create_environment_hook('status_interfaces', 'ld_library_path_lib')
[1.447s] INFO:colcon.colcon_core.shell:Creating environment hook '/home/liu/chapt3/topic_practice_ws/install/status_interfaces/share/status_interfaces/hook/ld_library_path_lib.ps1'
[1.447s] INFO:colcon.colcon_core.shell:Creating environment descriptor '/home/liu/chapt3/topic_practice_ws/install/status_interfaces/share/status_interfaces/hook/ld_library_path_lib.dsv'
[1.448s] INFO:colcon.colcon_core.shell:Creating environment hook '/home/liu/chapt3/topic_practice_ws/install/status_interfaces/share/status_interfaces/hook/ld_library_path_lib.sh'
[1.448s] Level 1:colcon.colcon_core.environment:checking '/home/liu/chapt3/topic_practice_ws/install/status_interfaces/bin'
[1.448s] Level 1:colcon.colcon_core.environment:checking '/home/liu/chapt3/topic_practice_ws/install/status_interfaces/lib/pkgconfig/status_interfaces.pc'
[1.448s] Level 1:colcon.colcon_core.environment:checking '/home/liu/chapt3/topic_practice_ws/install/status_interfaces/lib/python3.10/site-packages'
[1.448s] Level 1:colcon.colcon_core.environment:checking '/home/liu/chapt3/topic_practice_ws/install/status_interfaces/bin'
[1.449s] INFO:colcon.colcon_core.shell:Creating package script '/home/liu/chapt3/topic_practice_ws/install/status_interfaces/share/status_interfaces/package.ps1'
[1.449s] INFO:colcon.colcon_core.shell:Creating package descriptor '/home/liu/chapt3/topic_practice_ws/install/status_interfaces/share/status_interfaces/package.dsv'
[1.450s] INFO:colcon.colcon_core.shell:Creating package script '/home/liu/chapt3/topic_practice_ws/install/status_interfaces/share/status_interfaces/package.sh'
[1.450s] INFO:colcon.colcon_core.shell:Creating package script '/home/liu/chapt3/topic_practice_ws/install/status_interfaces/share/status_interfaces/package.bash'
[1.451s] INFO:colcon.colcon_core.shell:Creating package script '/home/liu/chapt3/topic_practice_ws/install/status_interfaces/share/status_interfaces/package.zsh'
[1.452s] Level 1:colcon.colcon_core.environment:create_file_with_runtime_dependencies(/home/liu/chapt3/topic_practice_ws/install/status_interfaces/share/colcon-core/packages/status_interfaces)
[1.453s] Level 1:colcon.colcon_core.environment:create_environment_scripts_only(status_interfaces)
[1.454s] Level 1:colcon.colcon_core.environment:checking '/home/liu/chapt3/topic_practice_ws/install/status_interfaces' for CMake module files
[1.455s] Level 1:colcon.colcon_core.environment:checking '/home/liu/chapt3/topic_practice_ws/install/status_interfaces' for CMake config files
[1.456s] Level 1:colcon.colcon_core.shell:create_environment_hook('status_interfaces', 'cmake_prefix_path')
[1.456s] INFO:colcon.colcon_core.shell:Creating environment hook '/home/liu/chapt3/topic_practice_ws/install/status_interfaces/share/status_interfaces/hook/cmake_prefix_path.ps1'
[1.457s] INFO:colcon.colcon_core.shell:Creating environment descriptor '/home/liu/chapt3/topic_practice_ws/install/status_interfaces/share/status_interfaces/hook/cmake_prefix_path.dsv'
[1.458s] INFO:colcon.colcon_core.shell:Creating environment hook '/home/liu/chapt3/topic_practice_ws/install/status_interfaces/share/status_interfaces/hook/cmake_prefix_path.sh'
[1.459s] Level 1:colcon.colcon_core.environment:checking '/home/liu/chapt3/topic_practice_ws/install/status_interfaces/lib'
[1.459s] Level 1:colcon.colcon_core.shell:create_environment_hook('status_interfaces', 'ld_library_path_lib')
[1.459s] INFO:colcon.colcon_core.shell:Creating environment hook '/home/liu/chapt3/topic_practice_ws/install/status_interfaces/share/status_interfaces/hook/ld_library_path_lib.ps1'
[1.461s] INFO:colcon.colcon_core.shell:Creating environment descriptor '/home/liu/chapt3/topic_practice_ws/install/status_interfaces/share/status_interfaces/hook/ld_library_path_lib.dsv'
[1.461s] INFO:colcon.colcon_core.shell:Creating environment hook '/home/liu/chapt3/topic_practice_ws/install/status_interfaces/share/status_interfaces/hook/ld_library_path_lib.sh'
[1.462s] Level 1:colcon.colcon_core.environment:checking '/home/liu/chapt3/topic_practice_ws/install/status_interfaces/bin'
[1.462s] Level 1:colcon.colcon_core.environment:checking '/home/liu/chapt3/topic_practice_ws/install/status_interfaces/lib/pkgconfig/status_interfaces.pc'
[1.463s] Level 1:colcon.colcon_core.environment:checking '/home/liu/chapt3/topic_practice_ws/install/status_interfaces/lib/python3.10/site-packages'
[1.463s] Level 1:colcon.colcon_core.environment:checking '/home/liu/chapt3/topic_practice_ws/install/status_interfaces/bin'
[1.464s] INFO:colcon.colcon_core.shell:Creating package script '/home/liu/chapt3/topic_practice_ws/install/status_interfaces/share/status_interfaces/package.ps1'
[1.464s] INFO:colcon.colcon_core.shell:Creating package descriptor '/home/liu/chapt3/topic_practice_ws/install/status_interfaces/share/status_interfaces/package.dsv'
[1.465s] INFO:colcon.colcon_core.shell:Creating package script '/home/liu/chapt3/topic_practice_ws/install/status_interfaces/share/status_interfaces/package.sh'
[1.465s] INFO:colcon.colcon_core.shell:Creating package script '/home/liu/chapt3/topic_practice_ws/install/status_interfaces/share/status_interfaces/package.bash'
[1.466s] INFO:colcon.colcon_core.shell:Creating package script '/home/liu/chapt3/topic_practice_ws/install/status_interfaces/share/status_interfaces/package.zsh'
[1.466s] Level 1:colcon.colcon_core.environment:create_file_with_runtime_dependencies(/home/liu/chapt3/topic_practice_ws/install/status_interfaces/share/colcon-core/packages/status_interfaces)
[1.467s] INFO:colcon.colcon_ros.task.ament_cmake.build:Building ROS package in '/home/liu/chapt3/topic_practice_ws/src/status_display' with build type 'ament_cmake'
[1.467s] INFO:colcon.colcon_cmake.task.cmake.build:Building CMake package in '/home/liu/chapt3/topic_practice_ws/src/status_display'
[1.468s] INFO:colcon.colcon_core.shell:Skip shell extension 'powershell' for command environment: Not usable outside of PowerShell
[1.468s] DEBUG:colcon.colcon_core.shell:Skip shell extension 'dsv' for command environment
[1.473s] INFO:colcon.colcon_ros.task.ament_python.build:Building ROS package in '/home/liu/chapt3/topic_practice_ws/src/status_publisher' with build type 'ament_python'
[1.474s] Level 1:colcon.colcon_core.shell:create_environment_hook('status_publisher', 'ament_prefix_path')
[1.474s] INFO:colcon.colcon_core.shell:Creating environment hook '/home/liu/chapt3/topic_practice_ws/install/status_publisher/share/status_publisher/hook/ament_prefix_path.ps1'
[1.476s] INFO:colcon.colcon_core.shell:Creating environment descriptor '/home/liu/chapt3/topic_practice_ws/install/status_publisher/share/status_publisher/hook/ament_prefix_path.dsv'
[1.477s] INFO:colcon.colcon_core.shell:Creating environment hook '/home/liu/chapt3/topic_practice_ws/install/status_publisher/share/status_publisher/hook/ament_prefix_path.sh'
[1.477s] INFO:colcon.colcon_core.shell:Skip shell extension 'powershell' for command environment: Not usable outside of PowerShell
[1.477s] DEBUG:colcon.colcon_core.shell:Skip shell extension 'dsv' for command environment
[1.493s] DEBUG:colcon.colcon_core.event_handler.log_command:Invoking command in '/home/liu/chapt3/topic_practice_ws/build/status_display': CMAKE_PREFIX_PATH=/home/liu/chapt3/topic_practice_ws/install/status_interfaces:/home/liu/chapt3/topic_practice_ws/install/status_display:/home/liu/chapt3/topic_practice_ws/install/status_publisher:/opt/ros/humble /usr/bin/cmake --build /home/liu/chapt3/topic_practice_ws/build/status_display -- -j12 -l12
[2.203s] INFO:colcon.colcon_core.task.python.build:Building Python package in '/home/liu/chapt3/topic_practice_ws/src/status_publisher'
[2.205s] INFO:colcon.colcon_core.shell:Skip shell extension 'powershell' for command environment: Not usable outside of PowerShell
[2.206s] DEBUG:colcon.colcon_core.shell:Skip shell extension 'dsv' for command environment
[3.027s] DEBUG:colcon.colcon_core.event_handler.log_command:Invoking command in '/home/liu/chapt3/topic_practice_ws/src/status_publisher': CMAKE_PREFIX_PATH=/home/liu/chapt3/topic_practice_ws/install/status_interfaces:/home/liu/chapt3/topic_practice_ws/install/status_display PYTHONPATH=/home/liu/chapt3/topic_practice_ws/build/status_publisher/prefix_override:/usr/lib/python3/dist-packages/colcon_core/task/python/colcon_distutils_commands:/home/liu/chapt3/topic_practice_ws/install/status_publisher/lib/python3.10/site-packages:${PYTHONPATH} /usr/bin/python3 -W ignore:setup.py install is deprecated -W ignore:easy_install command is deprecated setup.py egg_info --egg-base ../../build/status_publisher build --build-base /home/liu/chapt3/topic_practice_ws/build/status_publisher/build install --record /home/liu/chapt3/topic_practice_ws/build/status_publisher/install.log --single-version-externally-managed install_data
[3.912s] Level 1:colcon.colcon_core.environment:checking '/home/liu/chapt3/topic_practice_ws/install/status_publisher' for CMake module files
[3.914s] DEBUG:colcon.colcon_core.event_handler.log_command:Invoked command in '/home/liu/chapt3/topic_practice_ws/src/status_publisher' returned '0': CMAKE_PREFIX_PATH=/home/liu/chapt3/topic_practice_ws/install/status_interfaces:/home/liu/chapt3/topic_practice_ws/install/status_display PYTHONPATH=/home/liu/chapt3/topic_practice_ws/build/status_publisher/prefix_override:/usr/lib/python3/dist-packages/colcon_core/task/python/colcon_distutils_commands:/home/liu/chapt3/topic_practice_ws/install/status_publisher/lib/python3.10/site-packages:${PYTHONPATH} /usr/bin/python3 -W ignore:setup.py install is deprecated -W ignore:easy_install command is deprecated setup.py egg_info --egg-base ../../build/status_publisher build --build-base /home/liu/chapt3/topic_practice_ws/build/status_publisher/build install --record /home/liu/chapt3/topic_practice_ws/build/status_publisher/install.log --single-version-externally-managed install_data
[3.915s] Level 1:colcon.colcon_core.environment:checking '/home/liu/chapt3/topic_practice_ws/install/status_publisher' for CMake config files
[3.915s] Level 1:colcon.colcon_core.environment:checking '/home/liu/chapt3/topic_practice_ws/install/status_publisher/lib'
[3.915s] Level 1:colcon.colcon_core.environment:checking '/home/liu/chapt3/topic_practice_ws/install/status_publisher/bin'
[3.916s] Level 1:colcon.colcon_core.environment:checking '/home/liu/chapt3/topic_practice_ws/install/status_publisher/lib/pkgconfig/status_publisher.pc'
[3.916s] Level 1:colcon.colcon_core.environment:checking '/home/liu/chapt3/topic_practice_ws/install/status_publisher/lib/python3.10/site-packages'
[3.916s] Level 1:colcon.colcon_core.shell:create_environment_hook('status_publisher', 'pythonpath')
[3.916s] INFO:colcon.colcon_core.shell:Creating environment hook '/home/liu/chapt3/topic_practice_ws/install/status_publisher/share/status_publisher/hook/pythonpath.ps1'
[3.917s] INFO:colcon.colcon_core.shell:Creating environment descriptor '/home/liu/chapt3/topic_practice_ws/install/status_publisher/share/status_publisher/hook/pythonpath.dsv'
[3.918s] INFO:colcon.colcon_core.shell:Creating environment hook '/home/liu/chapt3/topic_practice_ws/install/status_publisher/share/status_publisher/hook/pythonpath.sh'
[3.921s] Level 1:colcon.colcon_core.environment:checking '/home/liu/chapt3/topic_practice_ws/install/status_publisher/bin'
[3.921s] Level 1:colcon.colcon_core.environment:create_environment_scripts_only(status_publisher)
[3.922s] INFO:colcon.colcon_core.shell:Creating package script '/home/liu/chapt3/topic_practice_ws/install/status_publisher/share/status_publisher/package.ps1'
[3.923s] INFO:colcon.colcon_core.shell:Creating package descriptor '/home/liu/chapt3/topic_practice_ws/install/status_publisher/share/status_publisher/package.dsv'
[3.925s] INFO:colcon.colcon_core.shell:Creating package script '/home/liu/chapt3/topic_practice_ws/install/status_publisher/share/status_publisher/package.sh'
[3.926s] INFO:colcon.colcon_core.shell:Creating package script '/home/liu/chapt3/topic_practice_ws/install/status_publisher/share/status_publisher/package.bash'
[3.927s] INFO:colcon.colcon_core.shell:Creating package script '/home/liu/chapt3/topic_practice_ws/install/status_publisher/share/status_publisher/package.zsh'
[3.928s] Level 1:colcon.colcon_core.environment:create_file_with_runtime_dependencies(/home/liu/chapt3/topic_practice_ws/install/status_publisher/share/colcon-core/packages/status_publisher)
[18.354s] DEBUG:colcon.colcon_core.event_handler.log_command:Invoked command in '/home/liu/chapt3/topic_practice_ws/build/status_display' returned '0': CMAKE_PREFIX_PATH=/home/liu/chapt3/topic_practice_ws/install/status_interfaces:/home/liu/chapt3/topic_practice_ws/install/status_display:/home/liu/chapt3/topic_practice_ws/install/status_publisher:/opt/ros/humble /usr/bin/cmake --build /home/liu/chapt3/topic_practice_ws/build/status_display -- -j12 -l12
[18.356s] DEBUG:colcon.colcon_core.event_handler.log_command:Invoking command in '/home/liu/chapt3/topic_practice_ws/build/status_display': CMAKE_PREFIX_PATH=/home/liu/chapt3/topic_practice_ws/install/status_interfaces:/home/liu/chapt3/topic_practice_ws/install/status_display:/home/liu/chapt3/topic_practice_ws/install/status_publisher:/opt/ros/humble /usr/bin/cmake --install /home/liu/chapt3/topic_practice_ws/build/status_display
[18.376s] Level 1:colcon.colcon_core.environment:create_environment_scripts_only(status_display)
[18.376s] Level 1:colcon.colcon_core.environment:checking '/home/liu/chapt3/topic_practice_ws/install/status_display' for CMake module files
[18.377s] DEBUG:colcon.colcon_core.event_handler.log_command:Invoked command in '/home/liu/chapt3/topic_practice_ws/build/status_display' returned '0': CMAKE_PREFIX_PATH=/home/liu/chapt3/topic_practice_ws/install/status_interfaces:/home/liu/chapt3/topic_practice_ws/install/status_display:/home/liu/chapt3/topic_practice_ws/install/status_publisher:/opt/ros/humble /usr/bin/cmake --install /home/liu/chapt3/topic_practice_ws/build/status_display
[18.377s] Level 1:colcon.colcon_core.environment:checking '/home/liu/chapt3/topic_practice_ws/install/status_display' for CMake config files
[18.377s] Level 1:colcon.colcon_core.shell:create_environment_hook('status_display', 'cmake_prefix_path')
[18.377s] INFO:colcon.colcon_core.shell:Creating environment hook '/home/liu/chapt3/topic_practice_ws/install/status_display/share/status_display/hook/cmake_prefix_path.ps1'
[18.378s] INFO:colcon.colcon_core.shell:Creating environment descriptor '/home/liu/chapt3/topic_practice_ws/install/status_display/share/status_display/hook/cmake_prefix_path.dsv'
[18.378s] INFO:colcon.colcon_core.shell:Creating environment hook '/home/liu/chapt3/topic_practice_ws/install/status_display/share/status_display/hook/cmake_prefix_path.sh'
[18.379s] Level 1:colcon.colcon_core.environment:checking '/home/liu/chapt3/topic_practice_ws/install/status_display/lib'
[18.379s] Level 1:colcon.colcon_core.environment:checking '/home/liu/chapt3/topic_practice_ws/install/status_display/bin'
[18.379s] Level 1:colcon.colcon_core.environment:checking '/home/liu/chapt3/topic_practice_ws/install/status_display/lib/pkgconfig/status_display.pc'
[18.379s] Level 1:colcon.colcon_core.environment:checking '/home/liu/chapt3/topic_practice_ws/install/status_display/lib/python3.10/site-packages'
[18.379s] Level 1:colcon.colcon_core.environment:checking '/home/liu/chapt3/topic_practice_ws/install/status_display/bin'
[18.380s] INFO:colcon.colcon_core.shell:Creating package script '/home/liu/chapt3/topic_practice_ws/install/status_display/share/status_display/package.ps1'
[18.381s] INFO:colcon.colcon_core.shell:Creating package descriptor '/home/liu/chapt3/topic_practice_ws/install/status_display/share/status_display/package.dsv'
[18.382s] INFO:colcon.colcon_core.shell:Creating package script '/home/liu/chapt3/topic_practice_ws/install/status_display/share/status_display/package.sh'
[18.383s] INFO:colcon.colcon_core.shell:Creating package script '/home/liu/chapt3/topic_practice_ws/install/status_display/share/status_display/package.bash'
[18.384s] INFO:colcon.colcon_core.shell:Creating package script '/home/liu/chapt3/topic_practice_ws/install/status_display/share/status_display/package.zsh'
[18.384s] Level 1:colcon.colcon_core.environment:create_file_with_runtime_dependencies(/home/liu/chapt3/topic_practice_ws/install/status_display/share/colcon-core/packages/status_display)
[18.386s] Level 1:colcon.colcon_core.environment:create_environment_scripts_only(status_display)
[18.386s] Level 1:colcon.colcon_core.environment:checking '/home/liu/chapt3/topic_practice_ws/install/status_display' for CMake module files
[18.388s] Level 1:colcon.colcon_core.environment:checking '/home/liu/chapt3/topic_practice_ws/install/status_display' for CMake config files
[18.388s] Level 1:colcon.colcon_core.shell:create_environment_hook('status_display', 'cmake_prefix_path')
[18.388s] INFO:colcon.colcon_core.shell:Creating environment hook '/home/liu/chapt3/topic_practice_ws/install/status_display/share/status_display/hook/cmake_prefix_path.ps1'
[18.389s] INFO:colcon.colcon_core.shell:Creating environment descriptor '/home/liu/chapt3/topic_practice_ws/install/status_display/share/status_display/hook/cmake_prefix_path.dsv'
[18.389s] INFO:colcon.colcon_core.shell:Creating environment hook '/home/liu/chapt3/topic_practice_ws/install/status_display/share/status_display/hook/cmake_prefix_path.sh'
[18.390s] Level 1:colcon.colcon_core.environment:checking '/home/liu/chapt3/topic_practice_ws/install/status_display/lib'
[18.390s] Level 1:colcon.colcon_core.environment:checking '/home/liu/chapt3/topic_practice_ws/install/status_display/bin'
[18.390s] Level 1:colcon.colcon_core.environment:checking '/home/liu/chapt3/topic_practice_ws/install/status_display/lib/pkgconfig/status_display.pc'
[18.390s] Level 1:colcon.colcon_core.environment:checking '/home/liu/chapt3/topic_practice_ws/install/status_display/lib/python3.10/site-packages'
[18.390s] Level 1:colcon.colcon_core.environment:checking '/home/liu/chapt3/topic_practice_ws/install/status_display/bin'
[18.391s] INFO:colcon.colcon_core.shell:Creating package script '/home/liu/chapt3/topic_practice_ws/install/status_display/share/status_display/package.ps1'
[18.391s] INFO:colcon.colcon_core.shell:Creating package descriptor '/home/liu/chapt3/topic_practice_ws/install/status_display/share/status_display/package.dsv'
[18.392s] INFO:colcon.colcon_core.shell:Creating package script '/home/liu/chapt3/topic_practice_ws/install/status_display/share/status_display/package.sh'
[18.392s] INFO:colcon.colcon_core.shell:Creating package script '/home/liu/chapt3/topic_practice_ws/install/status_display/share/status_display/package.bash'
[18.392s] INFO:colcon.colcon_core.shell:Creating package script '/home/liu/chapt3/topic_practice_ws/install/status_display/share/status_display/package.zsh'
[18.393s] Level 1:colcon.colcon_core.environment:create_file_with_runtime_dependencies(/home/liu/chapt3/topic_practice_ws/install/status_display/share/colcon-core/packages/status_display)
[18.393s] DEBUG:colcon.colcon_parallel_executor.executor.parallel:closing loop
[18.393s] DEBUG:colcon.colcon_parallel_executor.executor.parallel:loop closed
[18.394s] DEBUG:colcon.colcon_parallel_executor.executor.parallel:run_until_complete finished with '0'
[18.394s] DEBUG:colcon.colcon_core.event_reactor:joining thread
[18.402s] INFO:colcon.colcon_core.plugin_system:Skipping extension 'colcon_notification.desktop_notification.terminal_notifier': Not used on non-Darwin systems
[18.402s] INFO:colcon.colcon_core.plugin_system:Skipping extension 'colcon_notification.desktop_notification.win32': Not used on non-Windows systems
[18.403s] INFO:colcon.colcon_notification.desktop_notification:Sending desktop notification using 'notify2'
[18.415s] DEBUG:colcon.colcon_core.event_reactor:joined thread
[18.416s] INFO:colcon.colcon_core.shell:Creating prefix script '/home/liu/chapt3/topic_practice_ws/install/local_setup.ps1'
[18.418s] INFO:colcon.colcon_core.shell:Creating prefix util module '/home/liu/chapt3/topic_practice_ws/install/_local_setup_util_ps1.py'
[18.420s] INFO:colcon.colcon_core.shell:Creating prefix chain script '/home/liu/chapt3/topic_practice_ws/install/setup.ps1'
[18.424s] INFO:colcon.colcon_core.shell:Creating prefix script '/home/liu/chapt3/topic_practice_ws/install/local_setup.sh'
[18.426s] INFO:colcon.colcon_core.shell:Creating prefix util module '/home/liu/chapt3/topic_practice_ws/install/_local_setup_util_sh.py'
[18.427s] INFO:colcon.colcon_core.shell:Creating prefix chain script '/home/liu/chapt3/topic_practice_ws/install/setup.sh'
[18.429s] INFO:colcon.colcon_core.shell:Creating prefix script '/home/liu/chapt3/topic_practice_ws/install/local_setup.bash'
[18.431s] INFO:colcon.colcon_core.shell:Creating prefix chain script '/home/liu/chapt3/topic_practice_ws/install/setup.bash'
[18.435s] INFO:colcon.colcon_core.shell:Creating prefix script '/home/liu/chapt3/topic_practice_ws/install/local_setup.zsh'
[18.437s] INFO:colcon.colcon_core.shell:Creating prefix chain script '/home/liu/chapt3/topic_practice_ws/install/setup.zsh'
